     1 00000000                                 [FORMAT "WCOFF"]
     2 00000000                                 [INSTRSET "i486p"]
     3 00000000                                 [OPTIMIZE 1]
     4 00000000                                 [OPTION 1]
     5 00000000                                 [BITS 32]
     6 00000000                                 	EXTERN	_init_gdtidt
     7 00000000                                 	EXTERN	_init_pic
     8 00000000                                 	EXTERN	_io_sti
     9 00000000                                 	EXTERN	_fifo32_init
    10 00000000                                 	EXTERN	_init_pit
    11 00000000                                 	EXTERN	_init_keyboard
    12 00000000                                 	EXTERN	_enable_mouse
    13 00000000                                 	EXTERN	_io_out8
    14 00000000                                 	EXTERN	_memtest
    15 00000000                                 	EXTERN	_memman_init
    16 00000000                                 	EXTERN	_memman_free
    17 00000000                                 	EXTERN	_init_palette
    18 00000000                                 	EXTERN	_shtctl_init
    19 00000000                                 	EXTERN	_task_init
    20 00000000                                 	EXTERN	_task_run
    21 00000000                                 	EXTERN	_sheet_alloc
    22 00000000                                 	EXTERN	_memman_alloc_4k
    23 00000000                                 	EXTERN	_sheet_setbuf
    24 00000000                                 	EXTERN	_init_screen8
    25 00000000                                 	EXTERN	_init_mouse_cursor8
    26 00000000                                 	EXTERN	_sheet_slide
    27 00000000                                 	EXTERN	_sheet_updown
    28 00000000                                 	EXTERN	_fifo32_put
    29 00000000                                 	EXTERN	_fifo32_status
    30 00000000                                 	EXTERN	_io_cli
    31 00000000                                 	EXTERN	_fifo32_get
    32 00000000                                 	EXTERN	_mouse_decode
    33 00000000                                 	EXTERN	_cons_putstr0
    34 00000000                                 	EXTERN	_asm_end_app
    35 00000000                                 	EXTERN	_keytable0.0
    36 00000000                                 	EXTERN	_wait_KBC_sendready
    37 00000000                                 	EXTERN	_keytable1.1
    38 00000000                                 	EXTERN	_task_sleep
    39 00000000                                 	EXTERN	_change_wtitle8
    40 00000000                                 	EXTERN	_task_alloc
    41 00000000                                 	EXTERN	_make_window8
    42 00000000                                 	EXTERN	_make_textbox8
    43 00000000                                 	EXTERN	_console_task
    44 00000000                                 	EXTERN	_memman_free_4k
    45 00000000                                 	EXTERN	_sheet_free
    46 00000000                                 [FILE "bootpack.c"]
    47                                          [SECTION .data]
    48 00000000                                 _keytable0.0:
    49 00000000 00                              	DB	0
    50 00000001 00                              	DB	0
    51 00000002 31                              	DB	49
    52 00000003 32                              	DB	50
    53 00000004 33                              	DB	51
    54 00000005 34                              	DB	52
    55 00000006 35                              	DB	53
    56 00000007 36                              	DB	54
    57 00000008 37                              	DB	55
    58 00000009 38                              	DB	56
    59 0000000A 39                              	DB	57
    60 0000000B 30                              	DB	48
    61 0000000C 2D                              	DB	45
    62 0000000D 5E                              	DB	94
    63 0000000E 08                              	DB	8
    64 0000000F 00                              	DB	0
    65 00000010 51                              	DB	81
    66 00000011 57                              	DB	87
    67 00000012 45                              	DB	69
    68 00000013 52                              	DB	82
    69 00000014 54                              	DB	84
    70 00000015 59                              	DB	89
    71 00000016 55                              	DB	85
    72 00000017 49                              	DB	73
    73 00000018 4F                              	DB	79
    74 00000019 50                              	DB	80
    75 0000001A 40                              	DB	64
    76 0000001B 5B                              	DB	91
    77 0000001C 0A                              	DB	10
    78 0000001D 00                              	DB	0
    79 0000001E 41                              	DB	65
    80 0000001F 53                              	DB	83
    81 00000020 44                              	DB	68
    82 00000021 46                              	DB	70
    83 00000022 47                              	DB	71
    84 00000023 48                              	DB	72
    85 00000024 4A                              	DB	74
    86 00000025 4B                              	DB	75
    87 00000026 4C                              	DB	76
    88 00000027 3B                              	DB	59
    89 00000028 3A                              	DB	58
    90 00000029 00                              	DB	0
    91 0000002A 00                              	DB	0
    92 0000002B 5D                              	DB	93
    93 0000002C 5A                              	DB	90
    94 0000002D 58                              	DB	88
    95 0000002E 43                              	DB	67
    96 0000002F 56                              	DB	86
    97 00000030 42                              	DB	66
    98 00000031 4E                              	DB	78
    99 00000032 4D                              	DB	77
   100 00000033 2C                              	DB	44
   101 00000034 2E                              	DB	46
   102 00000035 2F                              	DB	47
   103 00000036 00                              	DB	0
   104 00000037 2A                              	DB	42
   105 00000038 00                              	DB	0
   106 00000039 20                              	DB	32
   107 0000003A 00                              	DB	0
   108 0000003B 00                              	DB	0
   109 0000003C 00                              	DB	0
   110 0000003D 00                              	DB	0
   111 0000003E 00                              	DB	0
   112 0000003F 00                              	DB	0
   113 00000040 00                              	DB	0
   114 00000041 00                              	DB	0
   115 00000042 00                              	DB	0
   116 00000043 00                              	DB	0
   117 00000044 00                              	DB	0
   118 00000045 00                              	DB	0
   119 00000046 00                              	DB	0
   120 00000047 37                              	DB	55
   121 00000048 38                              	DB	56
   122 00000049 39                              	DB	57
   123 0000004A 2D                              	DB	45
   124 0000004B 34                              	DB	52
   125 0000004C 35                              	DB	53
   126 0000004D 36                              	DB	54
   127 0000004E 2B                              	DB	43
   128 0000004F 31                              	DB	49
   129 00000050 32                              	DB	50
   130 00000051 33                              	DB	51
   131 00000052 30                              	DB	48
   132 00000053 2E                              	DB	46
   133 00000054 00                              	DB	0
   134 00000055 00                              	DB	0
   135 00000056 00                              	DB	0
   136 00000057 00                              	DB	0
   137 00000058 00                              	DB	0
   138 00000059 00                              	DB	0
   139 0000005A 00                              	DB	0
   140 0000005B 00                              	DB	0
   141 0000005C 00                              	DB	0
   142 0000005D 00                              	DB	0
   143 0000005E 00                              	DB	0
   144 0000005F 00                              	DB	0
   145 00000060 00                              	DB	0
   146 00000061 00                              	DB	0
   147 00000062 00                              	DB	0
   148 00000063 00                              	DB	0
   149 00000064 00                              	DB	0
   150 00000065 00                              	DB	0
   151 00000066 00                              	DB	0
   152 00000067 00                              	DB	0
   153 00000068 00                              	DB	0
   154 00000069 00                              	DB	0
   155 0000006A 00                              	DB	0
   156 0000006B 00                              	DB	0
   157 0000006C 00                              	DB	0
   158 0000006D 00                              	DB	0
   159 0000006E 00                              	DB	0
   160 0000006F 00                              	DB	0
   161 00000070 00                              	DB	0
   162 00000071 00                              	DB	0
   163 00000072 00                              	DB	0
   164 00000073 5C                              	DB	92
   165 00000074 00                              	DB	0
   166 00000075 00                              	DB	0
   167 00000076 00                              	DB	0
   168 00000077 00                              	DB	0
   169 00000078 00                              	DB	0
   170 00000079 00                              	DB	0
   171 0000007A 00                              	DB	0
   172 0000007B 00                              	DB	0
   173 0000007C 00                              	DB	0
   174 0000007D 5C                              	DB	92
   175 0000007E 00                              	DB	0
   176 0000007F 00                              	DB	0
   177 00000080                                 _keytable1.1:
   178 00000080 00                              	DB	0
   179 00000081 00                              	DB	0
   180 00000082 21                              	DB	33
   181 00000083 22                              	DB	34
   182 00000084 23                              	DB	35
   183 00000085 24                              	DB	36
   184 00000086 25                              	DB	37
   185 00000087 26                              	DB	38
   186 00000088 27                              	DB	39
   187 00000089 28                              	DB	40
   188 0000008A 29                              	DB	41
   189 0000008B 7E                              	DB	126
   190 0000008C 3D                              	DB	61
   191 0000008D 7E                              	DB	126
   192 0000008E 08                              	DB	8
   193 0000008F 00                              	DB	0
   194 00000090 51                              	DB	81
   195 00000091 57                              	DB	87
   196 00000092 45                              	DB	69
   197 00000093 52                              	DB	82
   198 00000094 54                              	DB	84
   199 00000095 59                              	DB	89
   200 00000096 55                              	DB	85
   201 00000097 49                              	DB	73
   202 00000098 4F                              	DB	79
   203 00000099 50                              	DB	80
   204 0000009A 60                              	DB	96
   205 0000009B 7B                              	DB	123
   206 0000009C 0A                              	DB	10
   207 0000009D 00                              	DB	0
   208 0000009E 41                              	DB	65
   209 0000009F 53                              	DB	83
   210 000000A0 44                              	DB	68
   211 000000A1 46                              	DB	70
   212 000000A2 47                              	DB	71
   213 000000A3 48                              	DB	72
   214 000000A4 4A                              	DB	74
   215 000000A5 4B                              	DB	75
   216 000000A6 4C                              	DB	76
   217 000000A7 2B                              	DB	43
   218 000000A8 2A                              	DB	42
   219 000000A9 00                              	DB	0
   220 000000AA 00                              	DB	0
   221 000000AB 7D                              	DB	125
   222 000000AC 5A                              	DB	90
   223 000000AD 58                              	DB	88
   224 000000AE 43                              	DB	67
   225 000000AF 56                              	DB	86
   226 000000B0 42                              	DB	66
   227 000000B1 4E                              	DB	78
   228 000000B2 4D                              	DB	77
   229 000000B3 3C                              	DB	60
   230 000000B4 3E                              	DB	62
   231 000000B5 3F                              	DB	63
   232 000000B6 00                              	DB	0
   233 000000B7 2A                              	DB	42
   234 000000B8 00                              	DB	0
   235 000000B9 20                              	DB	32
   236 000000BA 00                              	DB	0
   237 000000BB 00                              	DB	0
   238 000000BC 00                              	DB	0
   239 000000BD 00                              	DB	0
   240 000000BE 00                              	DB	0
   241 000000BF 00                              	DB	0
   242 000000C0 00                              	DB	0
   243 000000C1 00                              	DB	0
   244 000000C2 00                              	DB	0
   245 000000C3 00                              	DB	0
   246 000000C4 00                              	DB	0
   247 000000C5 00                              	DB	0
   248 000000C6 00                              	DB	0
   249 000000C7 37                              	DB	55
   250 000000C8 38                              	DB	56
   251 000000C9 39                              	DB	57
   252 000000CA 2D                              	DB	45
   253 000000CB 34                              	DB	52
   254 000000CC 35                              	DB	53
   255 000000CD 36                              	DB	54
   256 000000CE 2B                              	DB	43
   257 000000CF 31                              	DB	49
   258 000000D0 32                              	DB	50
   259 000000D1 33                              	DB	51
   260 000000D2 30                              	DB	48
   261 000000D3 2E                              	DB	46
   262 000000D4 00                              	DB	0
   263 000000D5 00                              	DB	0
   264 000000D6 00                              	DB	0
   265 000000D7 00                              	DB	0
   266 000000D8 00                              	DB	0
   267 000000D9 00                              	DB	0
   268 000000DA 00                              	DB	0
   269 000000DB 00                              	DB	0
   270 000000DC 00                              	DB	0
   271 000000DD 00                              	DB	0
   272 000000DE 00                              	DB	0
   273 000000DF 00                              	DB	0
   274 000000E0 00                              	DB	0
   275 000000E1 00                              	DB	0
   276 000000E2 00                              	DB	0
   277 000000E3 00                              	DB	0
   278 000000E4 00                              	DB	0
   279 000000E5 00                              	DB	0
   280 000000E6 00                              	DB	0
   281 000000E7 00                              	DB	0
   282 000000E8 00                              	DB	0
   283 000000E9 00                              	DB	0
   284 000000EA 00                              	DB	0
   285 000000EB 00                              	DB	0
   286 000000EC 00                              	DB	0
   287 000000ED 00                              	DB	0
   288 000000EE 00                              	DB	0
   289 000000EF 00                              	DB	0
   290 000000F0 00                              	DB	0
   291 000000F1 00                              	DB	0
   292 000000F2 00                              	DB	0
   293 000000F3 5F                              	DB	95
   294 000000F4 00                              	DB	0
   295 000000F5 00                              	DB	0
   296 000000F6 00                              	DB	0
   297 000000F7 00                              	DB	0
   298 000000F8 00                              	DB	0
   299 000000F9 00                              	DB	0
   300 000000FA 00                              	DB	0
   301 000000FB 00                              	DB	0
   302 000000FC 00                              	DB	0
   303 000000FD 7C                              	DB	124
   304 000000FE 00                              	DB	0
   305 000000FF 00                              	DB	0
   306 00000100                                 LC1:
   307 00000100 0A 42 72 65 61 6B 28 6D 6F 75   	DB	0x0A,"Break(mouse) :",0x0A,0x00
       0000010A 73 65 29 20 3A 0A 00 
   308 00000111                                 LC0:
   309 00000111 0A 42 72 65 61 6B 28 6B 65 79   	DB	0x0A,"Break(key) :",0x0A,0x00
       0000011B 29 20 3A 0A 00 
   310                                          [SECTION .text]
   311 00000000                                 	GLOBAL	_HariMain
   312 00000000                                 _HariMain:
   313 00000000 55                              	PUSH	EBP
   314 00000001 89 E5                           	MOV	EBP,ESP
   315 00000003 57                              	PUSH	EDI
   316 00000004 56                              	PUSH	ESI
   317 00000005 53                              	PUSH	EBX
   318 00000006 8D 5D A4                        	LEA	EBX,DWORD [-92+EBP]
   319 00000009 81 EC 00000450                  	SUB	ESP,1104
   320 0000000F C7 85 FFFFFBE4 FFFFFFFF         	MOV	DWORD [-1052+EBP],-1
   321 00000019 C7 85 FFFFFBE0 00000000         	MOV	DWORD [-1056+EBP],0
   322 00000023 C7 85 FFFFFBDC 7FFFFFFF         	MOV	DWORD [-1060+EBP],2147483647
   323 0000002D C7 85 FFFFFBD8 00000000         	MOV	DWORD [-1064+EBP],0
   324 00000037 C7 85 FFFFFBC8 00000000         	MOV	DWORD [-1080+EBP],0
   325 00000041 A0 00000FF1                     	MOV	AL,BYTE [4081]
   326 00000046 C0 F8 04                        	SAR	AL,4
   327 00000049 89 C2                           	MOV	EDX,EAX
   328 0000004B 83 E2 07                        	AND	EDX,7
   329 0000004E 89 95 FFFFFBC4                  	MOV	DWORD [-1084+EBP],EDX
   330 00000054 C7 85 FFFFFBC0 FFFFFFFF         	MOV	DWORD [-1088+EBP],-1
   331 0000005E C7 85 FFFFFBBC FFFFFFFF         	MOV	DWORD [-1092+EBP],-1
   332 00000068 C7 85 FFFFFBB8 FFFFFFFF         	MOV	DWORD [-1096+EBP],-1
   333 00000072 C7 85 FFFFFBB4 00000000         	MOV	DWORD [-1100+EBP],0
   334 0000007C C7 85 FFFFFBB0 00000000         	MOV	DWORD [-1104+EBP],0
   335 00000086 E8 [00000000]                   	CALL	_init_gdtidt
   336 0000008B E8 [00000000]                   	CALL	_init_pic
   337 00000090 E8 [00000000]                   	CALL	_io_sti
   338 00000095 8D 85 FFFFFD84                  	LEA	EAX,DWORD [-636+EBP]
   339 0000009B 6A 00                           	PUSH	0
   340 0000009D 50                              	PUSH	EAX
   341 0000009E 68 00000080                     	PUSH	128
   342 000000A3 53                              	PUSH	EBX
   343 000000A4 E8 [00000000]                   	CALL	_fifo32_init
   344 000000A9 89 1D 00000FEC                  	MOV	DWORD [4076],EBX
   345 000000AF E8 [00000000]                   	CALL	_init_pit
   346 000000B4 68 00000100                     	PUSH	256
   347 000000B9 53                              	PUSH	EBX
   348 000000BA E8 [00000000]                   	CALL	_init_keyboard
   349 000000BF 8D 85 FFFFFCF4                  	LEA	EAX,DWORD [-780+EBP]
   350 000000C5 50                              	PUSH	EAX
   351 000000C6 68 00000200                     	PUSH	512
   352 000000CB 53                              	PUSH	EBX
   353 000000CC E8 [00000000]                   	CALL	_enable_mouse
   354 000000D1 83 C4 24                        	ADD	ESP,36
   355 000000D4 68 000000F8                     	PUSH	248
   356 000000D9 6A 21                           	PUSH	33
   357 000000DB E8 [00000000]                   	CALL	_io_out8
   358 000000E0 68 000000EF                     	PUSH	239
   359 000000E5 68 000000A1                     	PUSH	161
   360 000000EA E8 [00000000]                   	CALL	_io_out8
   361 000000EF 8D 85 FFFFFD04                  	LEA	EAX,DWORD [-764+EBP]
   362 000000F5 6A 00                           	PUSH	0
   363 000000F7 50                              	PUSH	EAX
   364 000000F8 8D 45 84                        	LEA	EAX,DWORD [-124+EBP]
   365 000000FB 6A 20                           	PUSH	32
   366 000000FD 50                              	PUSH	EAX
   367 000000FE E8 [00000000]                   	CALL	_fifo32_init
   368 00000103 83 C4 20                        	ADD	ESP,32
   369 00000106 68 BFFFFFFF                     	PUSH	-1073741825
   370 0000010B 68 00400000                     	PUSH	4194304
   371 00000110 E8 [00000000]                   	CALL	_memtest
   372 00000115 68 003C0000                     	PUSH	3932160
   373 0000011A 89 85 FFFFFBD4                  	MOV	DWORD [-1068+EBP],EAX
   374 00000120 E8 [00000000]                   	CALL	_memman_init
   375 00000125 68 0009E000                     	PUSH	647168
   376 0000012A 68 00001000                     	PUSH	4096
   377 0000012F 68 003C0000                     	PUSH	3932160
   378 00000134 E8 [00000000]                   	CALL	_memman_free
   379 00000139 8B 85 FFFFFBD4                  	MOV	EAX,DWORD [-1068+EBP]
   380 0000013F 2D 00400000                     	SUB	EAX,4194304
   381 00000144 50                              	PUSH	EAX
   382 00000145 68 00400000                     	PUSH	4194304
   383 0000014A 68 003C0000                     	PUSH	3932160
   384 0000014F E8 [00000000]                   	CALL	_memman_free
   385 00000154 83 C4 24                        	ADD	ESP,36
   386 00000157 E8 [00000000]                   	CALL	_init_palette
   387 0000015C 0F BF 05 00000FF6               	MOVSX	EAX,WORD [4086]
   388 00000163 50                              	PUSH	EAX
   389 00000164 0F BF 05 00000FF4               	MOVSX	EAX,WORD [4084]
   390 0000016B 50                              	PUSH	EAX
   391 0000016C FF 35 00000FF8                  	PUSH	DWORD [4088]
   392 00000172 68 003C0000                     	PUSH	3932160
   393 00000177 E8 [00000000]                   	CALL	_shtctl_init
   394 0000017C 68 003C0000                     	PUSH	3932160
   395 00000181 89 85 FFFFFBF0                  	MOV	DWORD [-1040+EBP],EAX
   396 00000187 E8 [00000000]                   	CALL	_task_init
   397 0000018C 6A 02                           	PUSH	2
   398 0000018E 6A 01                           	PUSH	1
   399 00000190 89 85 FFFFFBCC                  	MOV	DWORD [-1076+EBP],EAX
   400 00000196 50                              	PUSH	EAX
   401 00000197 89 45 BC                        	MOV	DWORD [-68+EBP],EAX
   402 0000019A E8 [00000000]                   	CALL	_task_run
   403 0000019F 83 C4 20                        	ADD	ESP,32
   404 000001A2 8B 95 FFFFFBF0                  	MOV	EDX,DWORD [-1040+EBP]
   405 000001A8 89 15 00000FE4                  	MOV	DWORD [4068],EDX
   406 000001AE 52                              	PUSH	EDX
   407 000001AF E8 [00000000]                   	CALL	_sheet_alloc
   408 000001B4 89 C6                           	MOV	ESI,EAX
   409 000001B6 0F BF 15 00000FF6               	MOVSX	EDX,WORD [4086]
   410 000001BD 0F BF 05 00000FF4               	MOVSX	EAX,WORD [4084]
   411 000001C4 0F AF C2                        	IMUL	EAX,EDX
   412 000001C7 50                              	PUSH	EAX
   413 000001C8 68 003C0000                     	PUSH	3932160
   414 000001CD E8 [00000000]                   	CALL	_memman_alloc_4k
   415 000001D2 6A FF                           	PUSH	-1
   416 000001D4 89 C3                           	MOV	EBX,EAX
   417 000001D6 0F BF 05 00000FF6               	MOVSX	EAX,WORD [4086]
   418 000001DD 50                              	PUSH	EAX
   419 000001DE 0F BF 05 00000FF4               	MOVSX	EAX,WORD [4084]
   420 000001E5 50                              	PUSH	EAX
   421 000001E6 53                              	PUSH	EBX
   422 000001E7 56                              	PUSH	ESI
   423 000001E8 E8 [00000000]                   	CALL	_sheet_setbuf
   424 000001ED 83 C4 20                        	ADD	ESP,32
   425 000001F0 0F BF 05 00000FF6               	MOVSX	EAX,WORD [4086]
   426 000001F7 50                              	PUSH	EAX
   427 000001F8 0F BF 05 00000FF4               	MOVSX	EAX,WORD [4084]
   428 000001FF 50                              	PUSH	EAX
   429 00000200 53                              	PUSH	EBX
   430 00000201 8D 9D FFFFFBF4                  	LEA	EBX,DWORD [-1036+EBP]
   431 00000207 E8 [00000000]                   	CALL	_init_screen8
   432 0000020C FF B5 FFFFFBD4                  	PUSH	DWORD [-1068+EBP]
   433 00000212 FF B5 FFFFFBF0                  	PUSH	DWORD [-1040+EBP]
   434 00000218 E8 00000814                     	CALL	_open_console
   435 0000021D FF B5 FFFFFBF0                  	PUSH	DWORD [-1040+EBP]
   436 00000223 89 C7                           	MOV	EDI,EAX
   437 00000225 E8 [00000000]                   	CALL	_sheet_alloc
   438 0000022A 6A 63                           	PUSH	99
   439 0000022C 6A 10                           	PUSH	16
   440 0000022E 89 85 FFFFFBD0                  	MOV	DWORD [-1072+EBP],EAX
   441 00000234 6A 10                           	PUSH	16
   442 00000236 53                              	PUSH	EBX
   443 00000237 50                              	PUSH	EAX
   444 00000238 E8 [00000000]                   	CALL	_sheet_setbuf
   445 0000023D 83 C4 2C                        	ADD	ESP,44
   446 00000240 6A 63                           	PUSH	99
   447 00000242 53                              	PUSH	EBX
   448 00000243 BB 00000002                     	MOV	EBX,2
   449 00000248 E8 [00000000]                   	CALL	_init_mouse_cursor8
   450 0000024D 0F BF 05 00000FF4               	MOVSX	EAX,WORD [4084]
   451 00000254 8D 48 F0                        	LEA	ECX,DWORD [-16+EAX]
   452 00000257 89 C8                           	MOV	EAX,ECX
   453 00000259 99                              	CDQ
   454 0000025A F7 FB                           	IDIV	EBX
   455 0000025C 89 85 FFFFFBEC                  	MOV	DWORD [-1044+EBP],EAX
   456 00000262 0F BF 05 00000FF6               	MOVSX	EAX,WORD [4086]
   457 00000269 6A 00                           	PUSH	0
   458 0000026B 8D 48 D4                        	LEA	ECX,DWORD [-44+EAX]
   459 0000026E 6A 00                           	PUSH	0
   460 00000270 89 C8                           	MOV	EAX,ECX
   461 00000272 56                              	PUSH	ESI
   462 00000273 99                              	CDQ
   463 00000274 F7 FB                           	IDIV	EBX
   464 00000276 89 85 FFFFFBE8                  	MOV	DWORD [-1048+EBP],EAX
   465 0000027C E8 [00000000]                   	CALL	_sheet_slide
   466 00000281 6A 04                           	PUSH	4
   467 00000283 6A 20                           	PUSH	32
   468 00000285 57                              	PUSH	EDI
   469 00000286 E8 [00000000]                   	CALL	_sheet_slide
   470 0000028B 83 C4 20                        	ADD	ESP,32
   471 0000028E FF B5 FFFFFBE8                  	PUSH	DWORD [-1048+EBP]
   472 00000294 FF B5 FFFFFBEC                  	PUSH	DWORD [-1044+EBP]
   473 0000029A FF B5 FFFFFBD0                  	PUSH	DWORD [-1072+EBP]
   474 000002A0 E8 [00000000]                   	CALL	_sheet_slide
   475 000002A5 6A 00                           	PUSH	0
   476 000002A7 56                              	PUSH	ESI
   477 000002A8 E8 [00000000]                   	CALL	_sheet_updown
   478 000002AD 6A 01                           	PUSH	1
   479 000002AF 57                              	PUSH	EDI
   480 000002B0 E8 [00000000]                   	CALL	_sheet_updown
   481 000002B5 6A 02                           	PUSH	2
   482 000002B7 FF B5 FFFFFBD0                  	PUSH	DWORD [-1072+EBP]
   483 000002BD E8 [00000000]                   	CALL	_sheet_updown
   484 000002C2 83 C4 24                        	ADD	ESP,36
   485 000002C5 57                              	PUSH	EDI
   486 000002C6 E8 00000738                     	CALL	_keywin_on
   487 000002CB 8D 55 84                        	LEA	EDX,DWORD [-124+EBP]
   488 000002CE 68 000000ED                     	PUSH	237
   489 000002D3 52                              	PUSH	EDX
   490 000002D4 E8 [00000000]                   	CALL	_fifo32_put
   491 000002D9 8D 45 84                        	LEA	EAX,DWORD [-124+EBP]
   492 000002DC FF B5 FFFFFBC4                  	PUSH	DWORD [-1084+EBP]
   493 000002E2 50                              	PUSH	EAX
   494 000002E3 E8 [00000000]                   	CALL	_fifo32_put
   495 000002E8 83 C4 14                        	ADD	ESP,20
   496 000002EB                                 L2:
   497 000002EB 8D 5D 84                        	LEA	EBX,DWORD [-124+EBP]
   498 000002EE 53                              	PUSH	EBX
   499 000002EF E8 [00000000]                   	CALL	_fifo32_status
   500 000002F4 5A                              	POP	EDX
   501 000002F5 85 C0                           	TEST	EAX,EAX
   502 000002F7 7E 0D                           	JLE	L5
   503 000002F9 83 BD FFFFFBC0 00               	CMP	DWORD [-1088+EBP],0
   504 00000300 0F 88 000006A9                  	JS	L77
   505 00000306                                 L5:
   506 00000306 8D 5D A4                        	LEA	EBX,DWORD [-92+EBP]
   507 00000309 E8 [00000000]                   	CALL	_io_cli
   508 0000030E 53                              	PUSH	EBX
   509 0000030F E8 [00000000]                   	CALL	_fifo32_status
   510 00000314 5E                              	POP	ESI
   511 00000315 85 C0                           	TEST	EAX,EAX
   512 00000317 0F 84 00000633                  	JE	L78
   513 0000031D 53                              	PUSH	EBX
   514 0000031E E8 [00000000]                   	CALL	_fifo32_get
   515 00000323 89 C6                           	MOV	ESI,EAX
   516 00000325 E8 [00000000]                   	CALL	_io_sti
   517 0000032A 5B                              	POP	EBX
   518 0000032B 85 FF                           	TEST	EDI,EDI
   519 0000032D 74 27                           	JE	L12
   520 0000032F 83 7F 1C 00                     	CMP	DWORD [28+EDI],0
   521 00000333 75 21                           	JNE	L12
   522 00000335 8B 95 FFFFFBF0                  	MOV	EDX,DWORD [-1040+EBP]
   523 0000033B 31 FF                           	XOR	EDI,EDI
   524 0000033D 8B 42 10                        	MOV	EAX,DWORD [16+EDX]
   525 00000340 83 F8 01                        	CMP	EAX,1
   526 00000343 74 11                           	JE	L12
   527 00000345 8B 95 FFFFFBF0                  	MOV	EDX,DWORD [-1040+EBP]
   528 0000034B 8B 7C 82 10                     	MOV	EDI,DWORD [16+EDX+EAX*4]
   529 0000034F 57                              	PUSH	EDI
   530 00000350 E8 000006AE                     	CALL	_keywin_on
   531 00000355 59                              	POP	ECX
   532 00000356                                 L12:
   533 00000356 8D 86 FFFFFF00                  	LEA	EAX,DWORD [-256+ESI]
   534 0000035C 3D 000000FF                     	CMP	EAX,255
   535 00000361 0F 86 00000300                  	JBE	L79
   536 00000367 8D 86 FFFFFE00                  	LEA	EAX,DWORD [-512+ESI]
   537 0000036D 3D 000000FF                     	CMP	EAX,255
   538 00000372 76 2D                           	JBE	L80
   539 00000374 8D 86 FFFFFD00                  	LEA	EAX,DWORD [-768+ESI]
   540 0000037A 3D 000000FF                     	CMP	EAX,255
   541 0000037F 0F 87 FFFFFF66                  	JA	L2
   542 00000385 6B C6 28                        	IMUL	EAX,ESI,40
   543 00000388 8B 95 FFFFFBF0                  	MOV	EDX,DWORD [-1040+EBP]
   544 0000038E 8D 84 10 FFFF8C14               	LEA	EAX,DWORD [-29676+EAX+EDX*1]
   545 00000395 50                              	PUSH	EAX
   546 00000396 E8 000007E7                     	CALL	_close_console
   547 0000039B                                 L71:
   548 0000039B 58                              	POP	EAX
   549 0000039C E9 FFFFFF4A                     	JMP	L2
   550 000003A1                                 L80:
   551 000003A1 89 F2                           	MOV	EDX,ESI
   552 000003A3 0F B6 C2                        	MOVZX	EAX,DL
   553 000003A6 50                              	PUSH	EAX
   554 000003A7 8D 85 FFFFFCF4                  	LEA	EAX,DWORD [-780+EBP]
   555 000003AD 50                              	PUSH	EAX
   556 000003AE E8 [00000000]                   	CALL	_mouse_decode
   557 000003B3 5A                              	POP	EDX
   558 000003B4 59                              	POP	ECX
   559 000003B5 85 C0                           	TEST	EAX,EAX
   560 000003B7 0F 84 FFFFFF2E                  	JE	L2
   561 000003BD 8B 85 FFFFFCFC                  	MOV	EAX,DWORD [-772+EBP]
   562 000003C3 8B 95 FFFFFCF8                  	MOV	EDX,DWORD [-776+EBP]
   563 000003C9 01 85 FFFFFBE8                  	ADD	DWORD [-1048+EBP],EAX
   564 000003CF 01 95 FFFFFBEC                  	ADD	DWORD [-1044+EBP],EDX
   565 000003D5 0F 88 0000027D                  	JS	L81
   566 000003DB                                 L44:
   567 000003DB 83 BD FFFFFBE8 00               	CMP	DWORD [-1048+EBP],0
   568 000003E2 0F 88 00000261                  	JS	L82
   569 000003E8                                 L45:
   570 000003E8 0F BF 05 00000FF4               	MOVSX	EAX,WORD [4084]
   571 000003EF 48                              	DEC	EAX
   572 000003F0 39 85 FFFFFBEC                  	CMP	DWORD [-1044+EBP],EAX
   573 000003F6 7E 06                           	JLE	L46
   574 000003F8 89 85 FFFFFBEC                  	MOV	DWORD [-1044+EBP],EAX
   575 000003FE                                 L46:
   576 000003FE 0F BF 05 00000FF6               	MOVSX	EAX,WORD [4086]
   577 00000405 48                              	DEC	EAX
   578 00000406 39 85 FFFFFBE8                  	CMP	DWORD [-1048+EBP],EAX
   579 0000040C 7E 06                           	JLE	L47
   580 0000040E 89 85 FFFFFBE8                  	MOV	DWORD [-1048+EBP],EAX
   581 00000414                                 L47:
   582 00000414 8B 85 FFFFFBEC                  	MOV	EAX,DWORD [-1044+EBP]
   583 0000041A 8B 95 FFFFFBE8                  	MOV	EDX,DWORD [-1048+EBP]
   584 00000420 89 85 FFFFFBE4                  	MOV	DWORD [-1052+EBP],EAX
   585 00000426 89 95 FFFFFBE0                  	MOV	DWORD [-1056+EBP],EDX
   586 0000042C F7 85 FFFFFD00 00000001         	TEST	DWORD [-768+EBP],1
   587 00000436 75 43                           	JNE	L83
   588 00000438 C7 85 FFFFFBBC FFFFFFFF         	MOV	DWORD [-1092+EBP],-1
   589 00000442 81 BD FFFFFBDC 7FFFFFFF         	CMP	DWORD [-1060+EBP],2147483647
   590 0000044C 0F 84 FFFFFE99                  	JE	L2
   591 00000452                                 L72:
   592 00000452 FF B5 FFFFFBD8                  	PUSH	DWORD [-1064+EBP]
   593 00000458 FF B5 FFFFFBDC                  	PUSH	DWORD [-1060+EBP]
   594 0000045E FF B5 FFFFFBB0                  	PUSH	DWORD [-1104+EBP]
   595 00000464 E8 [00000000]                   	CALL	_sheet_slide
   596 00000469 C7 85 FFFFFBDC 7FFFFFFF         	MOV	DWORD [-1060+EBP],2147483647
   597 00000473                                 L73:
   598 00000473 83 C4 0C                        	ADD	ESP,12
   599 00000476 E9 FFFFFE70                     	JMP	L2
   600 0000047B                                 L83:
   601 0000047B 83 BD FFFFFBBC 00               	CMP	DWORD [-1092+EBP],0
   602 00000482 78 46                           	JS	L84
   603 00000484 8B 9D FFFFFBEC                  	MOV	EBX,DWORD [-1044+EBP]
   604 0000048A 8B 85 FFFFFBB4                  	MOV	EAX,DWORD [-1100+EBP]
   605 00000490 2B 9D FFFFFBBC                  	SUB	EBX,DWORD [-1092+EBP]
   606 00000496 8B B5 FFFFFBE8                  	MOV	ESI,DWORD [-1048+EBP]
   607 0000049C 2B B5 FFFFFBB8                  	SUB	ESI,DWORD [-1096+EBP]
   608 000004A2 8B 95 FFFFFBE8                  	MOV	EDX,DWORD [-1048+EBP]
   609 000004A8 8D 5C 03 02                     	LEA	EBX,DWORD [2+EBX+EAX*1]
   610 000004AC 89 95 FFFFFBB8                  	MOV	DWORD [-1096+EBP],EDX
   611 000004B2 89 9D FFFFFBDC                  	MOV	DWORD [-1060+EBP],EBX
   612 000004B8 01 B5 FFFFFBD8                  	ADD	DWORD [-1064+EBP],ESI
   613 000004BE 83 A5 FFFFFBDC FC               	AND	DWORD [-1060+EBP],-4
   614 000004C5 E9 FFFFFE21                     	JMP	L2
   615 000004CA                                 L84:
   616 000004CA 8B 85 FFFFFBF0                  	MOV	EAX,DWORD [-1040+EBP]
   617 000004D0 8B 40 10                        	MOV	EAX,DWORD [16+EAX]
   618 000004D3 89 85 FFFFFBA8                  	MOV	DWORD [-1112+EBP],EAX
   619 000004D9 89 C1                           	MOV	ECX,EAX
   620 000004DB                                 L75:
   621 000004DB 49                              	DEC	ECX
   622 000004DC 85 C9                           	TEST	ECX,ECX
   623 000004DE 0F 8E FFFFFE07                  	JLE	L2
   624 000004E4 8B 95 FFFFFBF0                  	MOV	EDX,DWORD [-1040+EBP]
   625 000004EA 8B B5 FFFFFBE8                  	MOV	ESI,DWORD [-1048+EBP]
   626 000004F0 8B 9D FFFFFBEC                  	MOV	EBX,DWORD [-1044+EBP]
   627 000004F6 8B 54 8A 14                     	MOV	EDX,DWORD [20+EDX+ECX*4]
   628 000004FA 89 95 FFFFFBB0                  	MOV	DWORD [-1104+EBP],EDX
   629 00000500 2B 72 10                        	SUB	ESI,DWORD [16+EDX]
   630 00000503 2B 5A 0C                        	SUB	EBX,DWORD [12+EDX]
   631 00000506 78 D3                           	JS	L75
   632 00000508 8B 42 04                        	MOV	EAX,DWORD [4+EDX]
   633 0000050B 39 C3                           	CMP	EBX,EAX
   634 0000050D 7D CC                           	JGE	L75
   635 0000050F 85 F6                           	TEST	ESI,ESI
   636 00000511 78 C8                           	JS	L75
   637 00000513 3B 72 08                        	CMP	ESI,DWORD [8+EDX]
   638 00000516 7D C3                           	JGE	L75
   639 00000518 0F AF C6                        	IMUL	EAX,ESI
   640 0000051B 89 85 FFFFFBA4                  	MOV	DWORD [-1116+EBP],EAX
   641 00000521 8B 12                           	MOV	EDX,DWORD [EDX]
   642 00000523 8B 85 FFFFFBA4                  	MOV	EAX,DWORD [-1116+EBP]
   643 00000529 01 D8                           	ADD	EAX,EBX
   644 0000052B 0F B6 04 10                     	MOVZX	EAX,BYTE [EAX+EDX*1]
   645 0000052F 8B 95 FFFFFBB0                  	MOV	EDX,DWORD [-1104+EBP]
   646 00000535 3B 42 14                        	CMP	EAX,DWORD [20+EDX]
   647 00000538 74 A1                           	JE	L75
   648 0000053A 8B 85 FFFFFBA8                  	MOV	EAX,DWORD [-1112+EBP]
   649 00000540 48                              	DEC	EAX
   650 00000541 50                              	PUSH	EAX
   651 00000542 52                              	PUSH	EDX
   652 00000543 E8 [00000000]                   	CALL	_sheet_updown
   653 00000548 39 BD FFFFFBB0                  	CMP	DWORD [-1104+EBP],EDI
   654 0000054E 59                              	POP	ECX
   655 0000054F 58                              	POP	EAX
   656 00000550 74 14                           	JE	L56
   657 00000552 57                              	PUSH	EDI
   658 00000553 E8 0000047D                     	CALL	_keywin_off
   659 00000558 8B BD FFFFFBB0                  	MOV	EDI,DWORD [-1104+EBP]
   660 0000055E 57                              	PUSH	EDI
   661 0000055F E8 0000049F                     	CALL	_keywin_on
   662 00000564 58                              	POP	EAX
   663 00000565 5A                              	POP	EDX
   664 00000566                                 L56:
   665 00000566 83 FB 02                        	CMP	EBX,2
   666 00000569 7E 55                           	JLE	L57
   667 0000056B 8B 95 FFFFFBB0                  	MOV	EDX,DWORD [-1104+EBP]
   668 00000571 8B 42 04                        	MOV	EAX,DWORD [4+EDX]
   669 00000574 83 E8 03                        	SUB	EAX,3
   670 00000577 39 C3                           	CMP	EBX,EAX
   671 00000579 7D 45                           	JGE	L57
   672 0000057B 83 FE 02                        	CMP	ESI,2
   673 0000057E 7E 40                           	JLE	L57
   674 00000580 8B 42 08                        	MOV	EAX,DWORD [8+EDX]
   675 00000583 83 E8 03                        	SUB	EAX,3
   676 00000586 39 C6                           	CMP	ESI,EAX
   677 00000588 7D 36                           	JGE	L57
   678 0000058A 8B 85 FFFFFBEC                  	MOV	EAX,DWORD [-1044+EBP]
   679 00000590 8B 95 FFFFFBE8                  	MOV	EDX,DWORD [-1048+EBP]
   680 00000596 89 85 FFFFFBBC                  	MOV	DWORD [-1092+EBP],EAX
   681 0000059C 89 95 FFFFFBB8                  	MOV	DWORD [-1096+EBP],EDX
   682 000005A2 8B 85 FFFFFBB0                  	MOV	EAX,DWORD [-1104+EBP]
   683 000005A8 8B 95 FFFFFBB0                  	MOV	EDX,DWORD [-1104+EBP]
   684 000005AE 8B 40 0C                        	MOV	EAX,DWORD [12+EAX]
   685 000005B1 8B 52 10                        	MOV	EDX,DWORD [16+EDX]
   686 000005B4 89 85 FFFFFBB4                  	MOV	DWORD [-1100+EBP],EAX
   687 000005BA 89 95 FFFFFBD8                  	MOV	DWORD [-1064+EBP],EDX
   688 000005C0                                 L57:
   689 000005C0 8B 85 FFFFFBB0                  	MOV	EAX,DWORD [-1104+EBP]
   690 000005C6 8B 50 04                        	MOV	EDX,DWORD [4+EAX]
   691 000005C9 8D 42 EB                        	LEA	EAX,DWORD [-21+EDX]
   692 000005CC 39 D8                           	CMP	EAX,EBX
   693 000005CE 0F 8F FFFFFD17                  	JG	L2
   694 000005D4 8D 42 FB                        	LEA	EAX,DWORD [-5+EDX]
   695 000005D7 39 C3                           	CMP	EBX,EAX
   696 000005D9 0F 8D FFFFFD0C                  	JGE	L2
   697 000005DF 83 FE 04                        	CMP	ESI,4
   698 000005E2 0F 8E FFFFFD03                  	JLE	L2
   699 000005E8 83 FE 12                        	CMP	ESI,18
   700 000005EB 0F 8F FFFFFCFA                  	JG	L2
   701 000005F1 8B 95 FFFFFBB0                  	MOV	EDX,DWORD [-1104+EBP]
   702 000005F7 F6 42 1C 10                     	TEST	BYTE [28+EDX],16
   703 000005FB 74 37                           	JE	L85
   704 000005FD 8B 95 FFFFFBB0                  	MOV	EDX,DWORD [-1104+EBP]
   705 00000603 8B 5A 24                        	MOV	EBX,DWORD [36+EDX]
   706 00000606 68 [00000100]                   	PUSH	LC1
   707 0000060B FF B3 00000094                  	PUSH	DWORD [148+EBX]
   708 00000611 E8 [00000000]                   	CALL	_cons_putstr0
   709 00000616 E8 [00000000]                   	CALL	_io_cli
   710 0000061B 8D 43 30                        	LEA	EAX,DWORD [48+EBX]
   711 0000061E 89 43 54                        	MOV	DWORD [84+EBX],EAX
   712 00000621 C7 43 4C [00000000]             	MOV	DWORD [76+EBX],_asm_end_app
   713 00000628                                 L76:
   714 00000628 E8 [00000000]                   	CALL	_io_sti
   715 0000062D                                 L70:
   716 0000062D 5A                              	POP	EDX
   717 0000062E 59                              	POP	ECX
   718 0000062F E9 FFFFFCB7                     	JMP	L2
   719 00000634                                 L85:
   720 00000634 8B 5A 24                        	MOV	EBX,DWORD [36+EDX]
   721 00000637 E8 [00000000]                   	CALL	_io_cli
   722 0000063C 6A 04                           	PUSH	4
   723 0000063E 8D 43 10                        	LEA	EAX,DWORD [16+EBX]
   724 00000641 50                              	PUSH	EAX
   725 00000642 E8 [00000000]                   	CALL	_fifo32_put
   726 00000647 EB DF                           	JMP	L76
   727 00000649                                 L82:
   728 00000649 C7 85 FFFFFBE8 00000000         	MOV	DWORD [-1048+EBP],0
   729 00000653 E9 FFFFFD90                     	JMP	L45
   730 00000658                                 L81:
   731 00000658 C7 85 FFFFFBEC 00000000         	MOV	DWORD [-1044+EBP],0
   732 00000662 E9 FFFFFD74                     	JMP	L44
   733 00000667                                 L79:
   734 00000667 81 FE 0000017F                  	CMP	ESI,383
   735 0000066D 0F 8F 000002D4                  	JG	L16
   736 00000673 83 BD FFFFFBC8 00               	CMP	DWORD [-1080+EBP],0
   737 0000067A 0F 85 000002BC                  	JNE	L17
   738 00000680 8A 86 [FFFFFF00]                	MOV	AL,BYTE [_keytable0.0-256+ESI]
   739 00000686                                 L74:
   740 00000686 88 45 C4                        	MOV	BYTE [-60+EBP],AL
   741 00000689                                 L19:
   742 00000689 8A 55 C4                        	MOV	DL,BYTE [-60+EBP]
   743 0000068C 8D 42 BF                        	LEA	EAX,DWORD [-65+EDX]
   744 0000068F 3C 19                           	CMP	AL,25
   745 00000691 77 1D                           	JA	L20
   746 00000693 F7 85 FFFFFBC4 00000004         	TEST	DWORD [-1084+EBP],4
   747 0000069D 0F 85 0000028A                  	JNE	L68
   748 000006A3 83 BD FFFFFBC8 00               	CMP	DWORD [-1080+EBP],0
   749 000006AA 0F 84 00000272                  	JE	L22
   750 000006B0                                 L20:
   751 000006B0 8A 45 C4                        	MOV	AL,BYTE [-60+EBP]
   752 000006B3 84 C0                           	TEST	AL,AL
   753 000006B5 74 1B                           	JE	L24
   754 000006B7 85 FF                           	TEST	EDI,EDI
   755 000006B9 74 17                           	JE	L24
   756 000006BB 0F BE C0                        	MOVSX	EAX,AL
   757 000006BE 05 00000100                     	ADD	EAX,256
   758 000006C3 50                              	PUSH	EAX
   759 000006C4 8B 47 24                        	MOV	EAX,DWORD [36+EDI]
   760 000006C7 83 C0 10                        	ADD	EAX,16
   761 000006CA 50                              	PUSH	EAX
   762 000006CB E8 [00000000]                   	CALL	_fifo32_put
   763 000006D0 58                              	POP	EAX
   764 000006D1 5A                              	POP	EDX
   765 000006D2                                 L24:
   766 000006D2 81 FE 0000010F                  	CMP	ESI,271
   767 000006D8 0F 84 0000020F                  	JE	L86
   768 000006DE                                 L25:
   769 000006DE 81 FE 0000012A                  	CMP	ESI,298
   770 000006E4 0F 84 000001F7                  	JE	L87
   771 000006EA                                 L27:
   772 000006EA 81 FE 00000136                  	CMP	ESI,310
   773 000006F0 0F 84 000001DF                  	JE	L88
   774 000006F6                                 L28:
   775 000006F6 81 FE 000001AA                  	CMP	ESI,426
   776 000006FC 0F 84 000001C7                  	JE	L89
   777 00000702                                 L29:
   778 00000702 81 FE 000001B6                  	CMP	ESI,438
   779 00000708 0F 84 000001AF                  	JE	L90
   780 0000070E                                 L30:
   781 0000070E 81 FE 0000013A                  	CMP	ESI,314
   782 00000714 0F 84 0000017A                  	JE	L91
   783 0000071A                                 L31:
   784 0000071A 81 FE 00000145                  	CMP	ESI,325
   785 00000720 0F 84 00000145                  	JE	L92
   786 00000726                                 L32:
   787 00000726 81 FE 00000146                  	CMP	ESI,326
   788 0000072C 0F 84 00000110                  	JE	L93
   789 00000732                                 L33:
   790 00000732 81 FE 0000013B                  	CMP	ESI,315
   791 00000738 0F 84 000000AC                  	JE	L94
   792 0000073E                                 L34:
   793 0000073E 81 FE 0000013C                  	CMP	ESI,316
   794 00000744 74 56                           	JE	L95
   795 00000746                                 L36:
   796 00000746 81 FE 00000157                  	CMP	ESI,343
   797 0000074C 74 37                           	JE	L96
   798 0000074E                                 L38:
   799 0000074E 81 FE 000001FA                  	CMP	ESI,506
   800 00000754 74 23                           	JE	L97
   801 00000756                                 L39:
   802 00000756 81 FE 000001FE                  	CMP	ESI,510
   803 0000075C 0F 85 FFFFFB89                  	JNE	L2
   804 00000762 E8 [00000000]                   	CALL	_wait_KBC_sendready
   805 00000767 FF B5 FFFFFBC0                  	PUSH	DWORD [-1088+EBP]
   806 0000076D 6A 60                           	PUSH	96
   807 0000076F E8 [00000000]                   	CALL	_io_out8
   808 00000774 E9 FFFFFEB4                     	JMP	L70
   809 00000779                                 L97:
   810 00000779 C7 85 FFFFFBC0 FFFFFFFF         	MOV	DWORD [-1088+EBP],-1
   811 00000783 EB D1                           	JMP	L39
   812 00000785                                 L96:
   813 00000785 8B 95 FFFFFBF0                  	MOV	EDX,DWORD [-1040+EBP]
   814 0000078B 8B 42 10                        	MOV	EAX,DWORD [16+EDX]
   815 0000078E 48                              	DEC	EAX
   816 0000078F 50                              	PUSH	EAX
   817 00000790 FF 72 18                        	PUSH	DWORD [24+EDX]
   818 00000793 E8 [00000000]                   	CALL	_sheet_updown
   819 00000798 5B                              	POP	EBX
   820 00000799 58                              	POP	EAX
   821 0000079A EB B2                           	JMP	L38
   822 0000079C                                 L95:
   823 0000079C 83 BD FFFFFBC8 00               	CMP	DWORD [-1080+EBP],0
   824 000007A3 74 A1                           	JE	L36
   825 000007A5 85 FF                           	TEST	EDI,EDI
   826 000007A7 74 07                           	JE	L37
   827 000007A9 57                              	PUSH	EDI
   828 000007AA E8 00000226                     	CALL	_keywin_off
   829 000007AF 58                              	POP	EAX
   830 000007B0                                 L37:
   831 000007B0 FF B5 FFFFFBD4                  	PUSH	DWORD [-1068+EBP]
   832 000007B6 FF B5 FFFFFBF0                  	PUSH	DWORD [-1040+EBP]
   833 000007BC E8 00000270                     	CALL	_open_console
   834 000007C1 6A 04                           	PUSH	4
   835 000007C3 6A 20                           	PUSH	32
   836 000007C5 89 C7                           	MOV	EDI,EAX
   837 000007C7 50                              	PUSH	EAX
   838 000007C8 E8 [00000000]                   	CALL	_sheet_slide
   839 000007CD 8B 85 FFFFFBF0                  	MOV	EAX,DWORD [-1040+EBP]
   840 000007D3 FF 70 10                        	PUSH	DWORD [16+EAX]
   841 000007D6 57                              	PUSH	EDI
   842 000007D7 E8 [00000000]                   	CALL	_sheet_updown
   843 000007DC 57                              	PUSH	EDI
   844 000007DD E8 00000221                     	CALL	_keywin_on
   845 000007E2 83 C4 20                        	ADD	ESP,32
   846 000007E5 E9 FFFFFF5C                     	JMP	L36
   847 000007EA                                 L94:
   848 000007EA 83 BD FFFFFBC8 00               	CMP	DWORD [-1080+EBP],0
   849 000007F1 0F 84 FFFFFF47                  	JE	L34
   850 000007F7 85 FF                           	TEST	EDI,EDI
   851 000007F9 0F 84 FFFFFF3F                  	JE	L34
   852 000007FF 8B 5F 24                        	MOV	EBX,DWORD [36+EDI]
   853 00000802 85 DB                           	TEST	EBX,EBX
   854 00000804 0F 84 FFFFFF34                  	JE	L34
   855 0000080A 83 7B 34 00                     	CMP	DWORD [52+EBX],0
   856 0000080E 0F 84 FFFFFF2A                  	JE	L34
   857 00000814 68 [00000111]                   	PUSH	LC0
   858 00000819 FF B3 00000094                  	PUSH	DWORD [148+EBX]
   859 0000081F E8 [00000000]                   	CALL	_cons_putstr0
   860 00000824 E8 [00000000]                   	CALL	_io_cli
   861 00000829 8D 43 30                        	LEA	EAX,DWORD [48+EBX]
   862 0000082C 89 43 54                        	MOV	DWORD [84+EBX],EAX
   863 0000082F C7 43 4C [00000000]             	MOV	DWORD [76+EBX],_asm_end_app
   864 00000836 E8 [00000000]                   	CALL	_io_sti
   865 0000083B 58                              	POP	EAX
   866 0000083C 5A                              	POP	EDX
   867 0000083D E9 FFFFFEFC                     	JMP	L34
   868 00000842                                 L93:
   869 00000842 68 000000ED                     	PUSH	237
   870 00000847 8D 5D 84                        	LEA	EBX,DWORD [-124+EBP]
   871 0000084A 53                              	PUSH	EBX
   872 0000084B 83 B5 FFFFFBC4 01               	XOR	DWORD [-1084+EBP],1
   873 00000852 E8 [00000000]                   	CALL	_fifo32_put
   874 00000857 FF B5 FFFFFBC4                  	PUSH	DWORD [-1084+EBP]
   875 0000085D 53                              	PUSH	EBX
   876 0000085E E8 [00000000]                   	CALL	_fifo32_put
   877 00000863 83 C4 10                        	ADD	ESP,16
   878 00000866 E9 FFFFFEC7                     	JMP	L33
   879 0000086B                                 L92:
   880 0000086B 68 000000ED                     	PUSH	237
   881 00000870 8D 5D 84                        	LEA	EBX,DWORD [-124+EBP]
   882 00000873 53                              	PUSH	EBX
   883 00000874 83 B5 FFFFFBC4 02               	XOR	DWORD [-1084+EBP],2
   884 0000087B E8 [00000000]                   	CALL	_fifo32_put
   885 00000880 FF B5 FFFFFBC4                  	PUSH	DWORD [-1084+EBP]
   886 00000886 53                              	PUSH	EBX
   887 00000887 E8 [00000000]                   	CALL	_fifo32_put
   888 0000088C 83 C4 10                        	ADD	ESP,16
   889 0000088F E9 FFFFFE92                     	JMP	L32
   890 00000894                                 L91:
   891 00000894 68 000000ED                     	PUSH	237
   892 00000899 8D 5D 84                        	LEA	EBX,DWORD [-124+EBP]
   893 0000089C 53                              	PUSH	EBX
   894 0000089D 83 B5 FFFFFBC4 04               	XOR	DWORD [-1084+EBP],4
   895 000008A4 E8 [00000000]                   	CALL	_fifo32_put
   896 000008A9 FF B5 FFFFFBC4                  	PUSH	DWORD [-1084+EBP]
   897 000008AF 53                              	PUSH	EBX
   898 000008B0 E8 [00000000]                   	CALL	_fifo32_put
   899 000008B5 83 C4 10                        	ADD	ESP,16
   900 000008B8 E9 FFFFFE5D                     	JMP	L31
   901 000008BD                                 L90:
   902 000008BD 83 A5 FFFFFBC8 FD               	AND	DWORD [-1080+EBP],-3
   903 000008C4 E9 FFFFFE45                     	JMP	L30
   904 000008C9                                 L89:
   905 000008C9 83 A5 FFFFFBC8 FE               	AND	DWORD [-1080+EBP],-2
   906 000008D0 E9 FFFFFE2D                     	JMP	L29
   907 000008D5                                 L88:
   908 000008D5 83 8D FFFFFBC8 02               	OR	DWORD [-1080+EBP],2
   909 000008DC E9 FFFFFE15                     	JMP	L28
   910 000008E1                                 L87:
   911 000008E1 83 8D FFFFFBC8 01               	OR	DWORD [-1080+EBP],1
   912 000008E8 E9 FFFFFDFD                     	JMP	L27
   913 000008ED                                 L86:
   914 000008ED 85 FF                           	TEST	EDI,EDI
   915 000008EF 0F 84 FFFFFDE9                  	JE	L25
   916 000008F5 57                              	PUSH	EDI
   917 000008F6 E8 000000DA                     	CALL	_keywin_off
   918 000008FB 8B 4F 18                        	MOV	ECX,DWORD [24+EDI]
   919 000008FE 49                              	DEC	ECX
   920 000008FF 5B                              	POP	EBX
   921 00000900 75 0A                           	JNE	L26
   922 00000902 8B 85 FFFFFBF0                  	MOV	EAX,DWORD [-1040+EBP]
   923 00000908 8B 48 10                        	MOV	ECX,DWORD [16+EAX]
   924 0000090B 49                              	DEC	ECX
   925 0000090C                                 L26:
   926 0000090C 8B 95 FFFFFBF0                  	MOV	EDX,DWORD [-1040+EBP]
   927 00000912 8B 7C 8A 14                     	MOV	EDI,DWORD [20+EDX+ECX*4]
   928 00000916 57                              	PUSH	EDI
   929 00000917 E8 000000E7                     	CALL	_keywin_on
   930 0000091C 59                              	POP	ECX
   931 0000091D E9 FFFFFDBC                     	JMP	L25
   932 00000922                                 L22:
   933 00000922 8D 42 20                        	LEA	EAX,DWORD [32+EDX]
   934 00000925 88 45 C4                        	MOV	BYTE [-60+EBP],AL
   935 00000928 E9 FFFFFD83                     	JMP	L20
   936 0000092D                                 L68:
   937 0000092D 83 BD FFFFFBC8 00               	CMP	DWORD [-1080+EBP],0
   938 00000934 0F 84 FFFFFD76                  	JE	L20
   939 0000093A EB E6                           	JMP	L22
   940 0000093C                                 L17:
   941 0000093C 8A 86 [FFFFFF80]                	MOV	AL,BYTE [_keytable1.1-256+ESI]
   942 00000942 E9 FFFFFD3F                     	JMP	L74
   943 00000947                                 L16:
   944 00000947 C6 45 C4 00                     	MOV	BYTE [-60+EBP],0
   945 0000094B E9 FFFFFD39                     	JMP	L19
   946 00000950                                 L78:
   947 00000950 83 BD FFFFFBE4 00               	CMP	DWORD [-1052+EBP],0
   948 00000957 79 2B                           	JNS	L98
   949 00000959 81 BD FFFFFBDC 7FFFFFFF         	CMP	DWORD [-1060+EBP],2147483647
   950 00000963 75 15                           	JNE	L99
   951 00000965 FF B5 FFFFFBCC                  	PUSH	DWORD [-1076+EBP]
   952 0000096B E8 [00000000]                   	CALL	_task_sleep
   953 00000970 E8 [00000000]                   	CALL	_io_sti
   954 00000975 E9 FFFFFA21                     	JMP	L71
   955 0000097A                                 L99:
   956 0000097A E8 [00000000]                   	CALL	_io_sti
   957 0000097F E9 FFFFFACE                     	JMP	L72
   958 00000984                                 L98:
   959 00000984 E8 [00000000]                   	CALL	_io_sti
   960 00000989 FF B5 FFFFFBE0                  	PUSH	DWORD [-1056+EBP]
   961 0000098F FF B5 FFFFFBE4                  	PUSH	DWORD [-1052+EBP]
   962 00000995 FF B5 FFFFFBD0                  	PUSH	DWORD [-1072+EBP]
   963 0000099B E8 [00000000]                   	CALL	_sheet_slide
   964 000009A0 C7 85 FFFFFBE4 FFFFFFFF         	MOV	DWORD [-1052+EBP],-1
   965 000009AA E9 FFFFFAC4                     	JMP	L73
   966 000009AF                                 L77:
   967 000009AF 53                              	PUSH	EBX
   968 000009B0 E8 [00000000]                   	CALL	_fifo32_get
   969 000009B5 89 85 FFFFFBC0                  	MOV	DWORD [-1088+EBP],EAX
   970 000009BB E8 [00000000]                   	CALL	_wait_KBC_sendready
   971 000009C0 FF B5 FFFFFBC0                  	PUSH	DWORD [-1088+EBP]
   972 000009C6 6A 60                           	PUSH	96
   973 000009C8 E8 [00000000]                   	CALL	_io_out8
   974 000009CD 83 C4 0C                        	ADD	ESP,12
   975 000009D0 E9 FFFFF931                     	JMP	L5
   976 000009D5                                 	GLOBAL	_keywin_off
   977 000009D5                                 _keywin_off:
   978 000009D5 55                              	PUSH	EBP
   979 000009D6 89 E5                           	MOV	EBP,ESP
   980 000009D8 53                              	PUSH	EBX
   981 000009D9 6A 00                           	PUSH	0
   982 000009DB 8B 5D 08                        	MOV	EBX,DWORD [8+EBP]
   983 000009DE 53                              	PUSH	EBX
   984 000009DF E8 [00000000]                   	CALL	_change_wtitle8
   985 000009E4 F6 43 1C 20                     	TEST	BYTE [28+EBX],32
   986 000009E8 58                              	POP	EAX
   987 000009E9 5A                              	POP	EDX
   988 000009EA 75 05                           	JNE	L102
   989 000009EC                                 L100:
   990 000009EC 8B 5D FC                        	MOV	EBX,DWORD [-4+EBP]
   991 000009EF C9                              	LEAVE
   992 000009F0 C3                              	RET
   993 000009F1                                 L102:
   994 000009F1 6A 03                           	PUSH	3
   995 000009F3 8B 43 24                        	MOV	EAX,DWORD [36+EBX]
   996 000009F6 83 C0 10                        	ADD	EAX,16
   997 000009F9 50                              	PUSH	EAX
   998 000009FA E8 [00000000]                   	CALL	_fifo32_put
   999 000009FF 59                              	POP	ECX
  1000 00000A00 5B                              	POP	EBX
  1001 00000A01 EB E9                           	JMP	L100
  1002 00000A03                                 	GLOBAL	_keywin_on
  1003 00000A03                                 _keywin_on:
  1004 00000A03 55                              	PUSH	EBP
  1005 00000A04 89 E5                           	MOV	EBP,ESP
  1006 00000A06 53                              	PUSH	EBX
  1007 00000A07 6A 01                           	PUSH	1
  1008 00000A09 8B 5D 08                        	MOV	EBX,DWORD [8+EBP]
  1009 00000A0C 53                              	PUSH	EBX
  1010 00000A0D E8 [00000000]                   	CALL	_change_wtitle8
  1011 00000A12 F6 43 1C 20                     	TEST	BYTE [28+EBX],32
  1012 00000A16 58                              	POP	EAX
  1013 00000A17 5A                              	POP	EDX
  1014 00000A18 75 05                           	JNE	L105
  1015 00000A1A                                 L103:
  1016 00000A1A 8B 5D FC                        	MOV	EBX,DWORD [-4+EBP]
  1017 00000A1D C9                              	LEAVE
  1018 00000A1E C3                              	RET
  1019 00000A1F                                 L105:
  1020 00000A1F 6A 02                           	PUSH	2
  1021 00000A21 8B 43 24                        	MOV	EAX,DWORD [36+EBX]
  1022 00000A24 83 C0 10                        	ADD	EAX,16
  1023 00000A27 50                              	PUSH	EAX
  1024 00000A28 E8 [00000000]                   	CALL	_fifo32_put
  1025 00000A2D 59                              	POP	ECX
  1026 00000A2E 5B                              	POP	EBX
  1027 00000A2F EB E9                           	JMP	L103
  1028                                          [SECTION .data]
  1029 00000120                                 LC2:
  1030 00000120 63 6F 6E 73 6F 6C 65 00         	DB	"console",0x00
  1031                                          [SECTION .text]
  1032 00000A31                                 	GLOBAL	_open_console
  1033 00000A31                                 _open_console:
  1034 00000A31 55                              	PUSH	EBP
  1035 00000A32 89 E5                           	MOV	EBP,ESP
  1036 00000A34 57                              	PUSH	EDI
  1037 00000A35 56                              	PUSH	ESI
  1038 00000A36 53                              	PUSH	EBX
  1039 00000A37 51                              	PUSH	ECX
  1040 00000A38 FF 75 08                        	PUSH	DWORD [8+EBP]
  1041 00000A3B E8 [00000000]                   	CALL	_sheet_alloc
  1042 00000A40 68 0000A500                     	PUSH	42240
  1043 00000A45 68 003C0000                     	PUSH	3932160
  1044 00000A4A 89 C3                           	MOV	EBX,EAX
  1045 00000A4C E8 [00000000]                   	CALL	_memman_alloc_4k
  1046 00000A51 89 C6                           	MOV	ESI,EAX
  1047 00000A53 E8 [00000000]                   	CALL	_task_alloc
  1048 00000A58 68 00000200                     	PUSH	512
  1049 00000A5D 89 C7                           	MOV	EDI,EAX
  1050 00000A5F 68 003C0000                     	PUSH	3932160
  1051 00000A64 E8 [00000000]                   	CALL	_memman_alloc_4k
  1052 00000A69 6A FF                           	PUSH	-1
  1053 00000A6B 68 000000A5                     	PUSH	165
  1054 00000A70 68 00000100                     	PUSH	256
  1055 00000A75 89 45 F0                        	MOV	DWORD [-16+EBP],EAX
  1056 00000A78 56                              	PUSH	ESI
  1057 00000A79 53                              	PUSH	EBX
  1058 00000A7A E8 [00000000]                   	CALL	_sheet_setbuf
  1059 00000A7F 83 C4 28                        	ADD	ESP,40
  1060 00000A82 6A 00                           	PUSH	0
  1061 00000A84 68 [00000120]                   	PUSH	LC2
  1062 00000A89 68 000000A5                     	PUSH	165
  1063 00000A8E 68 00000100                     	PUSH	256
  1064 00000A93 56                              	PUSH	ESI
  1065 00000A94 E8 [00000000]                   	CALL	_make_window8
  1066 00000A99 6A 00                           	PUSH	0
  1067 00000A9B 68 00000080                     	PUSH	128
  1068 00000AA0 68 000000F0                     	PUSH	240
  1069 00000AA5 6A 1C                           	PUSH	28
  1070 00000AA7 6A 08                           	PUSH	8
  1071 00000AA9 53                              	PUSH	EBX
  1072 00000AAA E8 [00000000]                   	CALL	_make_textbox8
  1073 00000AAF 83 C4 2C                        	ADD	ESP,44
  1074 00000AB2 68 00010000                     	PUSH	65536
  1075 00000AB7 68 003C0000                     	PUSH	3932160
  1076 00000ABC E8 [00000000]                   	CALL	_memman_alloc_4k
  1077 00000AC1 C7 47 4C [00000000]             	MOV	DWORD [76+EDI],_console_task
  1078 00000AC8 89 87 0000009C                  	MOV	DWORD [156+EDI],EAX
  1079 00000ACE 05 0000FFF4                     	ADD	EAX,65524
  1080 00000AD3 89 47 64                        	MOV	DWORD [100+EDI],EAX
  1081 00000AD6 C7 47 74 00000008               	MOV	DWORD [116+EDI],8
  1082 00000ADD C7 47 78 00000010               	MOV	DWORD [120+EDI],16
  1083 00000AE4 C7 47 7C 00000008               	MOV	DWORD [124+EDI],8
  1084 00000AEB C7 87 00000080 00000008         	MOV	DWORD [128+EDI],8
  1085 00000AF5 C7 87 00000084 00000008         	MOV	DWORD [132+EDI],8
  1086 00000AFF C7 87 00000088 00000008         	MOV	DWORD [136+EDI],8
  1087 00000B09 89 58 04                        	MOV	DWORD [4+EAX],EBX
  1088 00000B0C 8B 57 64                        	MOV	EDX,DWORD [100+EDI]
  1089 00000B0F 8B 45 0C                        	MOV	EAX,DWORD [12+EBP]
  1090 00000B12 89 42 08                        	MOV	DWORD [8+EDX],EAX
  1091 00000B15 6A 02                           	PUSH	2
  1092 00000B17 6A 02                           	PUSH	2
  1093 00000B19 57                              	PUSH	EDI
  1094 00000B1A E8 [00000000]                   	CALL	_task_run
  1095 00000B1F 8D 47 10                        	LEA	EAX,DWORD [16+EDI]
  1096 00000B22 89 7B 24                        	MOV	DWORD [36+EBX],EDI
  1097 00000B25 83 4B 1C 20                     	OR	DWORD [28+EBX],32
  1098 00000B29 57                              	PUSH	EDI
  1099 00000B2A FF 75 F0                        	PUSH	DWORD [-16+EBP]
  1100 00000B2D 68 00000080                     	PUSH	128
  1101 00000B32 50                              	PUSH	EAX
  1102 00000B33 E8 [00000000]                   	CALL	_fifo32_init
  1103 00000B38 8D 65 F4                        	LEA	ESP,DWORD [-12+EBP]
  1104 00000B3B 89 D8                           	MOV	EAX,EBX
  1105 00000B3D 5B                              	POP	EBX
  1106 00000B3E 5E                              	POP	ESI
  1107 00000B3F 5F                              	POP	EDI
  1108 00000B40 5D                              	POP	EBP
  1109 00000B41 C3                              	RET
  1110 00000B42                                 	GLOBAL	_close_constask
  1111 00000B42                                 _close_constask:
  1112 00000B42 55                              	PUSH	EBP
  1113 00000B43 89 E5                           	MOV	EBP,ESP
  1114 00000B45 53                              	PUSH	EBX
  1115 00000B46 8B 5D 08                        	MOV	EBX,DWORD [8+EBP]
  1116 00000B49 53                              	PUSH	EBX
  1117 00000B4A E8 [00000000]                   	CALL	_task_sleep
  1118 00000B4F 68 00010000                     	PUSH	65536
  1119 00000B54 FF B3 0000009C                  	PUSH	DWORD [156+EBX]
  1120 00000B5A 68 003C0000                     	PUSH	3932160
  1121 00000B5F E8 [00000000]                   	CALL	_memman_free_4k
  1122 00000B64 68 00000200                     	PUSH	512
  1123 00000B69 FF 73 10                        	PUSH	DWORD [16+EBX]
  1124 00000B6C 68 003C0000                     	PUSH	3932160
  1125 00000B71 E8 [00000000]                   	CALL	_memman_free_4k
  1126 00000B76 C7 43 04 00000000               	MOV	DWORD [4+EBX],0
  1127 00000B7D 8B 5D FC                        	MOV	EBX,DWORD [-4+EBP]
  1128 00000B80 C9                              	LEAVE
  1129 00000B81 C3                              	RET
  1130 00000B82                                 	GLOBAL	_close_console
  1131 00000B82                                 _close_console:
  1132 00000B82 55                              	PUSH	EBP
  1133 00000B83 89 E5                           	MOV	EBP,ESP
  1134 00000B85 56                              	PUSH	ESI
  1135 00000B86 53                              	PUSH	EBX
  1136 00000B87 8B 5D 08                        	MOV	EBX,DWORD [8+EBP]
  1137 00000B8A 8B 73 24                        	MOV	ESI,DWORD [36+EBX]
  1138 00000B8D 68 0000A500                     	PUSH	42240
  1139 00000B92 FF 33                           	PUSH	DWORD [EBX]
  1140 00000B94 68 003C0000                     	PUSH	3932160
  1141 00000B99 E8 [00000000]                   	CALL	_memman_free_4k
  1142 00000B9E 53                              	PUSH	EBX
  1143 00000B9F E8 [00000000]                   	CALL	_sheet_free
  1144 00000BA4 89 75 08                        	MOV	DWORD [8+EBP],ESI
  1145 00000BA7 83 C4 10                        	ADD	ESP,16
  1146 00000BAA 8D 65 F8                        	LEA	ESP,DWORD [-8+EBP]
  1147 00000BAD 5B                              	POP	EBX
  1148 00000BAE 5E                              	POP	ESI
  1149 00000BAF 5D                              	POP	EBP
  1150 00000BB0 EB 90                           	JMP	_close_constask
