     1 00000000                                 [FORMAT "WCOFF"]
     2 00000000                                 [INSTRSET "i486p"]
     3 00000000                                 [OPTIMIZE 1]
     4 00000000                                 [OPTION 1]
     5 00000000                                 [BITS 32]
     6 00000000                                 	EXTERN	_table_rgb.0
     7 00000000                                 	EXTERN	_io_load_eflags
     8 00000000                                 	EXTERN	_io_cli
     9 00000000                                 	EXTERN	_io_out8
    10 00000000                                 	EXTERN	_io_store_eflags
    11 00000000                                 	EXTERN	_hankaku
    12 00000000                                 [FILE "graphic.c"]
    13                                          [SECTION .data]
    14 00000000                                 _table_rgb.0:
    15 00000000 00                              	DB	0
    16 00000001 00                              	DB	0
    17 00000002 00                              	DB	0
    18 00000003 FF                              	DB	-1
    19 00000004 00                              	DB	0
    20 00000005 00                              	DB	0
    21 00000006 00                              	DB	0
    22 00000007 FF                              	DB	-1
    23 00000008 00                              	DB	0
    24 00000009 FF                              	DB	-1
    25 0000000A FF                              	DB	-1
    26 0000000B 00                              	DB	0
    27 0000000C 00                              	DB	0
    28 0000000D 00                              	DB	0
    29 0000000E FF                              	DB	-1
    30 0000000F FF                              	DB	-1
    31 00000010 00                              	DB	0
    32 00000011 FF                              	DB	-1
    33 00000012 00                              	DB	0
    34 00000013 FF                              	DB	-1
    35 00000014 FF                              	DB	-1
    36 00000015 FF                              	DB	-1
    37 00000016 FF                              	DB	-1
    38 00000017 FF                              	DB	-1
    39 00000018 C6                              	DB	-58
    40 00000019 C6                              	DB	-58
    41 0000001A C6                              	DB	-58
    42 0000001B 84                              	DB	-124
    43 0000001C 00                              	DB	0
    44 0000001D 00                              	DB	0
    45 0000001E 00                              	DB	0
    46 0000001F 84                              	DB	-124
    47 00000020 00                              	DB	0
    48 00000021 84                              	DB	-124
    49 00000022 84                              	DB	-124
    50 00000023 00                              	DB	0
    51 00000024 00                              	DB	0
    52 00000025 00                              	DB	0
    53 00000026 84                              	DB	-124
    54 00000027 84                              	DB	-124
    55 00000028 00                              	DB	0
    56 00000029 84                              	DB	-124
    57 0000002A 00                              	DB	0
    58 0000002B 84                              	DB	-124
    59 0000002C 84                              	DB	-124
    60 0000002D 84                              	DB	-124
    61 0000002E 84                              	DB	-124
    62 0000002F 84                              	DB	-124
    63                                          [SECTION .text]
    64 00000000                                 	GLOBAL	_init_palette
    65 00000000                                 _init_palette:
    66 00000000 55                              	PUSH	EBP
    67 00000001 89 E5                           	MOV	EBP,ESP
    68 00000003 57                              	PUSH	EDI
    69 00000004 56                              	PUSH	ESI
    70 00000005 53                              	PUSH	EBX
    71 00000006 81 EC 000002A4                  	SUB	ESP,676
    72 0000000C 68 [00000000]                   	PUSH	_table_rgb.0
    73 00000011 6A 0F                           	PUSH	15
    74 00000013 6A 00                           	PUSH	0
    75 00000015 E8 000000C2                     	CALL	_set_palette
    76 0000001A 68 [00000000]                   	PUSH	_table_rgb.0
    77 0000001F 6A 0F                           	PUSH	15
    78 00000021 6A 00                           	PUSH	0
    79 00000023 E8 000000B4                     	CALL	_set_palette
    80 00000028 83 C4 18                        	ADD	ESP,24
    81 0000002B C7 85 FFFFFD60 00000000         	MOV	DWORD [-672+EBP],0
    82 00000035 C7 85 FFFFFD5C 00000000         	MOV	DWORD [-676+EBP],0
    83 0000003F C7 85 FFFFFD58 00000000         	MOV	DWORD [-680+EBP],0
    84 00000049                                 L16:
    85 00000049 31 FF                           	XOR	EDI,EDI
    86 0000004B 31 F6                           	XOR	ESI,ESI
    87 0000004D 31 DB                           	XOR	EBX,EBX
    88 0000004F                                 L15:
    89 0000004F 31 D2                           	XOR	EDX,EDX
    90 00000051 C7 85 FFFFFD50 00000000         	MOV	DWORD [-688+EBP],0
    91 0000005B                                 L14:
    92 0000005B 8B 85 FFFFFD58                  	MOV	EAX,DWORD [-680+EBP]
    93 00000061 8A 8D FFFFFD50                  	MOV	CL,BYTE [-688+EBP]
    94 00000067 01 D8                           	ADD	EAX,EBX
    95 00000069 01 D0                           	ADD	EAX,EDX
    96 0000006B 42                              	INC	EDX
    97 0000006C 6B C0 03                        	IMUL	EAX,EAX,3
    98 0000006F 88 8C 05 FFFFFD64               	MOV	BYTE [-668+EBP+EAX*1],CL
    99 00000076 89 F1                           	MOV	ECX,ESI
   100 00000078 88 8C 05 FFFFFD65               	MOV	BYTE [-667+EBP+EAX*1],CL
   101 0000007F 8A 8D FFFFFD5C                  	MOV	CL,BYTE [-676+EBP]
   102 00000085 88 8C 05 FFFFFD66               	MOV	BYTE [-666+EBP+EAX*1],CL
   103 0000008C 83 85 FFFFFD50 33               	ADD	DWORD [-688+EBP],51
   104 00000093 83 FA 05                        	CMP	EDX,5
   105 00000096 7E C3                           	JLE	L14
   106 00000098 47                              	INC	EDI
   107 00000099 83 C6 33                        	ADD	ESI,51
   108 0000009C 83 C3 06                        	ADD	EBX,6
   109 0000009F 83 FF 05                        	CMP	EDI,5
   110 000000A2 7E AB                           	JLE	L15
   111 000000A4 FF 85 FFFFFD60                  	INC	DWORD [-672+EBP]
   112 000000AA 83 85 FFFFFD5C 33               	ADD	DWORD [-676+EBP],51
   113 000000B1 83 85 FFFFFD58 24               	ADD	DWORD [-680+EBP],36
   114 000000B8 83 BD FFFFFD60 05               	CMP	DWORD [-672+EBP],5
   115 000000BF 7E 88                           	JLE	L16
   116 000000C1 8D 85 FFFFFD64                  	LEA	EAX,DWORD [-668+EBP]
   117 000000C7 50                              	PUSH	EAX
   118 000000C8 68 000000E7                     	PUSH	231
   119 000000CD 6A 10                           	PUSH	16
   120 000000CF E8 00000008                     	CALL	_set_palette
   121 000000D4 8D 65 F4                        	LEA	ESP,DWORD [-12+EBP]
   122 000000D7 5B                              	POP	EBX
   123 000000D8 5E                              	POP	ESI
   124 000000D9 5F                              	POP	EDI
   125 000000DA 5D                              	POP	EBP
   126 000000DB C3                              	RET
   127 000000DC                                 	GLOBAL	_set_palette
   128 000000DC                                 _set_palette:
   129 000000DC 55                              	PUSH	EBP
   130 000000DD 89 E5                           	MOV	EBP,ESP
   131 000000DF 57                              	PUSH	EDI
   132 000000E0 56                              	PUSH	ESI
   133 000000E1 53                              	PUSH	EBX
   134 000000E2 51                              	PUSH	ECX
   135 000000E3 8B 5D 08                        	MOV	EBX,DWORD [8+EBP]
   136 000000E6 8B 7D 0C                        	MOV	EDI,DWORD [12+EBP]
   137 000000E9 8B 75 10                        	MOV	ESI,DWORD [16+EBP]
   138 000000EC E8 [00000000]                   	CALL	_io_load_eflags
   139 000000F1 89 45 F0                        	MOV	DWORD [-16+EBP],EAX
   140 000000F4 E8 [00000000]                   	CALL	_io_cli
   141 000000F9 53                              	PUSH	EBX
   142 000000FA 68 000003C8                     	PUSH	968
   143 000000FF E8 [00000000]                   	CALL	_io_out8
   144 00000104 39 FB                           	CMP	EBX,EDI
   145 00000106 58                              	POP	EAX
   146 00000107 5A                              	POP	EDX
   147 00000108 7E 12                           	JLE	L28
   148 0000010A                                 L30:
   149 0000010A 8B 45 F0                        	MOV	EAX,DWORD [-16+EBP]
   150 0000010D 89 45 08                        	MOV	DWORD [8+EBP],EAX
   151 00000110 8D 65 F4                        	LEA	ESP,DWORD [-12+EBP]
   152 00000113 5B                              	POP	EBX
   153 00000114 5E                              	POP	ESI
   154 00000115 5F                              	POP	EDI
   155 00000116 5D                              	POP	EBP
   156 00000117 E9 [00000000]                   	JMP	_io_store_eflags
   157 0000011C                                 L28:
   158 0000011C 8A 06                           	MOV	AL,BYTE [ESI]
   159 0000011E 43                              	INC	EBX
   160 0000011F C0 E8 02                        	SHR	AL,2
   161 00000122 0F B6 C0                        	MOVZX	EAX,AL
   162 00000125 50                              	PUSH	EAX
   163 00000126 68 000003C9                     	PUSH	969
   164 0000012B E8 [00000000]                   	CALL	_io_out8
   165 00000130 8A 46 01                        	MOV	AL,BYTE [1+ESI]
   166 00000133 C0 E8 02                        	SHR	AL,2
   167 00000136 0F B6 C0                        	MOVZX	EAX,AL
   168 00000139 50                              	PUSH	EAX
   169 0000013A 68 000003C9                     	PUSH	969
   170 0000013F E8 [00000000]                   	CALL	_io_out8
   171 00000144 8A 46 02                        	MOV	AL,BYTE [2+ESI]
   172 00000147 C0 E8 02                        	SHR	AL,2
   173 0000014A 83 C6 03                        	ADD	ESI,3
   174 0000014D 0F B6 C0                        	MOVZX	EAX,AL
   175 00000150 50                              	PUSH	EAX
   176 00000151 68 000003C9                     	PUSH	969
   177 00000156 E8 [00000000]                   	CALL	_io_out8
   178 0000015B 83 C4 18                        	ADD	ESP,24
   179 0000015E 39 FB                           	CMP	EBX,EDI
   180 00000160 7E BA                           	JLE	L28
   181 00000162 EB A6                           	JMP	L30
   182 00000164                                 	GLOBAL	_boxfill8
   183 00000164                                 _boxfill8:
   184 00000164 55                              	PUSH	EBP
   185 00000165 89 E5                           	MOV	EBP,ESP
   186 00000167 57                              	PUSH	EDI
   187 00000168 56                              	PUSH	ESI
   188 00000169 53                              	PUSH	EBX
   189 0000016A 57                              	PUSH	EDI
   190 0000016B 57                              	PUSH	EDI
   191 0000016C 8A 45 10                        	MOV	AL,BYTE [16+EBP]
   192 0000016F 8B 4D 18                        	MOV	ECX,DWORD [24+EBP]
   193 00000172 8B 7D 1C                        	MOV	EDI,DWORD [28+EBP]
   194 00000175 88 45 F3                        	MOV	BYTE [-13+EBP],AL
   195 00000178 3B 4D 20                        	CMP	ECX,DWORD [32+EBP]
   196 0000017B 7F 31                           	JG	L43
   197 0000017D 8B 5D 0C                        	MOV	EBX,DWORD [12+EBP]
   198 00000180 0F AF D9                        	IMUL	EBX,ECX
   199 00000183                                 L41:
   200 00000183 8B 55 14                        	MOV	EDX,DWORD [20+EBP]
   201 00000186 39 FA                           	CMP	EDX,EDI
   202 00000188 7F 1B                           	JG	L45
   203 0000018A 8B 75 08                        	MOV	ESI,DWORD [8+EBP]
   204 0000018D 01 DE                           	ADD	ESI,EBX
   205 0000018F 01 D6                           	ADD	ESI,EDX
   206 00000191 89 75 EC                        	MOV	DWORD [-20+EBP],ESI
   207 00000194                                 L40:
   208 00000194 8B 75 EC                        	MOV	ESI,DWORD [-20+EBP]
   209 00000197 8A 45 F3                        	MOV	AL,BYTE [-13+EBP]
   210 0000019A 42                              	INC	EDX
   211 0000019B 88 06                           	MOV	BYTE [ESI],AL
   212 0000019D 46                              	INC	ESI
   213 0000019E 89 75 EC                        	MOV	DWORD [-20+EBP],ESI
   214 000001A1 39 FA                           	CMP	EDX,EDI
   215 000001A3 7E EF                           	JLE	L40
   216 000001A5                                 L45:
   217 000001A5 41                              	INC	ECX
   218 000001A6 03 5D 0C                        	ADD	EBX,DWORD [12+EBP]
   219 000001A9 3B 4D 20                        	CMP	ECX,DWORD [32+EBP]
   220 000001AC 7E D5                           	JLE	L41
   221 000001AE                                 L43:
   222 000001AE 5B                              	POP	EBX
   223 000001AF 5E                              	POP	ESI
   224 000001B0 5B                              	POP	EBX
   225 000001B1 5E                              	POP	ESI
   226 000001B2 5F                              	POP	EDI
   227 000001B3 5D                              	POP	EBP
   228 000001B4 C3                              	RET
   229 000001B5                                 	GLOBAL	_init_screen8
   230 000001B5                                 _init_screen8:
   231 000001B5 55                              	PUSH	EBP
   232 000001B6 89 E5                           	MOV	EBP,ESP
   233 000001B8 57                              	PUSH	EDI
   234 000001B9 56                              	PUSH	ESI
   235 000001BA 53                              	PUSH	EBX
   236 000001BB 83 EC 0C                        	SUB	ESP,12
   237 000001BE 8B 45 10                        	MOV	EAX,DWORD [16+EBP]
   238 000001C1 8B 7D 0C                        	MOV	EDI,DWORD [12+EBP]
   239 000001C4 83 E8 1D                        	SUB	EAX,29
   240 000001C7 4F                              	DEC	EDI
   241 000001C8 50                              	PUSH	EAX
   242 000001C9 57                              	PUSH	EDI
   243 000001CA 6A 00                           	PUSH	0
   244 000001CC 6A 00                           	PUSH	0
   245 000001CE 6A 0E                           	PUSH	14
   246 000001D0 FF 75 0C                        	PUSH	DWORD [12+EBP]
   247 000001D3 FF 75 08                        	PUSH	DWORD [8+EBP]
   248 000001D6 E8 FFFFFF89                     	CALL	_boxfill8
   249 000001DB 8B 45 10                        	MOV	EAX,DWORD [16+EBP]
   250 000001DE 83 E8 1C                        	SUB	EAX,28
   251 000001E1 50                              	PUSH	EAX
   252 000001E2 57                              	PUSH	EDI
   253 000001E3 50                              	PUSH	EAX
   254 000001E4 6A 00                           	PUSH	0
   255 000001E6 6A 08                           	PUSH	8
   256 000001E8 FF 75 0C                        	PUSH	DWORD [12+EBP]
   257 000001EB FF 75 08                        	PUSH	DWORD [8+EBP]
   258 000001EE E8 FFFFFF71                     	CALL	_boxfill8
   259 000001F3 8B 45 10                        	MOV	EAX,DWORD [16+EBP]
   260 000001F6 83 C4 38                        	ADD	ESP,56
   261 000001F9 83 E8 1B                        	SUB	EAX,27
   262 000001FC 50                              	PUSH	EAX
   263 000001FD 57                              	PUSH	EDI
   264 000001FE 50                              	PUSH	EAX
   265 000001FF 6A 00                           	PUSH	0
   266 00000201 6A 07                           	PUSH	7
   267 00000203 FF 75 0C                        	PUSH	DWORD [12+EBP]
   268 00000206 FF 75 08                        	PUSH	DWORD [8+EBP]
   269 00000209 E8 FFFFFF56                     	CALL	_boxfill8
   270 0000020E 8B 45 10                        	MOV	EAX,DWORD [16+EBP]
   271 00000211 48                              	DEC	EAX
   272 00000212 50                              	PUSH	EAX
   273 00000213 8B 45 10                        	MOV	EAX,DWORD [16+EBP]
   274 00000216 57                              	PUSH	EDI
   275 00000217 83 E8 1A                        	SUB	EAX,26
   276 0000021A 50                              	PUSH	EAX
   277 0000021B 6A 00                           	PUSH	0
   278 0000021D 6A 08                           	PUSH	8
   279 0000021F FF 75 0C                        	PUSH	DWORD [12+EBP]
   280 00000222 FF 75 08                        	PUSH	DWORD [8+EBP]
   281 00000225 E8 FFFFFF3A                     	CALL	_boxfill8
   282 0000022A 8B 75 10                        	MOV	ESI,DWORD [16+EBP]
   283 0000022D 83 C4 38                        	ADD	ESP,56
   284 00000230 83 EE 18                        	SUB	ESI,24
   285 00000233 56                              	PUSH	ESI
   286 00000234 6A 3B                           	PUSH	59
   287 00000236 56                              	PUSH	ESI
   288 00000237 6A 03                           	PUSH	3
   289 00000239 6A 07                           	PUSH	7
   290 0000023B FF 75 0C                        	PUSH	DWORD [12+EBP]
   291 0000023E FF 75 08                        	PUSH	DWORD [8+EBP]
   292 00000241 E8 FFFFFF1E                     	CALL	_boxfill8
   293 00000246 8B 45 10                        	MOV	EAX,DWORD [16+EBP]
   294 00000249 83 E8 04                        	SUB	EAX,4
   295 0000024C 50                              	PUSH	EAX
   296 0000024D 89 45 F0                        	MOV	DWORD [-16+EBP],EAX
   297 00000250 6A 02                           	PUSH	2
   298 00000252 56                              	PUSH	ESI
   299 00000253 6A 02                           	PUSH	2
   300 00000255 6A 07                           	PUSH	7
   301 00000257 FF 75 0C                        	PUSH	DWORD [12+EBP]
   302 0000025A FF 75 08                        	PUSH	DWORD [8+EBP]
   303 0000025D E8 FFFFFF02                     	CALL	_boxfill8
   304 00000262 83 C4 38                        	ADD	ESP,56
   305 00000265 FF 75 F0                        	PUSH	DWORD [-16+EBP]
   306 00000268 6A 3B                           	PUSH	59
   307 0000026A FF 75 F0                        	PUSH	DWORD [-16+EBP]
   308 0000026D 6A 03                           	PUSH	3
   309 0000026F 6A 0F                           	PUSH	15
   310 00000271 FF 75 0C                        	PUSH	DWORD [12+EBP]
   311 00000274 FF 75 08                        	PUSH	DWORD [8+EBP]
   312 00000277 E8 FFFFFEE8                     	CALL	_boxfill8
   313 0000027C 8B 45 10                        	MOV	EAX,DWORD [16+EBP]
   314 0000027F 83 E8 05                        	SUB	EAX,5
   315 00000282 50                              	PUSH	EAX
   316 00000283 8B 45 10                        	MOV	EAX,DWORD [16+EBP]
   317 00000286 6A 3B                           	PUSH	59
   318 00000288 83 E8 17                        	SUB	EAX,23
   319 0000028B 50                              	PUSH	EAX
   320 0000028C 89 45 EC                        	MOV	DWORD [-20+EBP],EAX
   321 0000028F 6A 3B                           	PUSH	59
   322 00000291 6A 0F                           	PUSH	15
   323 00000293 FF 75 0C                        	PUSH	DWORD [12+EBP]
   324 00000296 FF 75 08                        	PUSH	DWORD [8+EBP]
   325 00000299 E8 FFFFFEC6                     	CALL	_boxfill8
   326 0000029E 8B 45 10                        	MOV	EAX,DWORD [16+EBP]
   327 000002A1 83 C4 38                        	ADD	ESP,56
   328 000002A4 83 E8 03                        	SUB	EAX,3
   329 000002A7 89 45 E8                        	MOV	DWORD [-24+EBP],EAX
   330 000002AA 50                              	PUSH	EAX
   331 000002AB 6A 3B                           	PUSH	59
   332 000002AD 50                              	PUSH	EAX
   333 000002AE 6A 02                           	PUSH	2
   334 000002B0 6A 00                           	PUSH	0
   335 000002B2 FF 75 0C                        	PUSH	DWORD [12+EBP]
   336 000002B5 FF 75 08                        	PUSH	DWORD [8+EBP]
   337 000002B8 E8 FFFFFEA7                     	CALL	_boxfill8
   338 000002BD FF 75 E8                        	PUSH	DWORD [-24+EBP]
   339 000002C0 6A 3C                           	PUSH	60
   340 000002C2 56                              	PUSH	ESI
   341 000002C3 6A 3C                           	PUSH	60
   342 000002C5 6A 00                           	PUSH	0
   343 000002C7 FF 75 0C                        	PUSH	DWORD [12+EBP]
   344 000002CA FF 75 08                        	PUSH	DWORD [8+EBP]
   345 000002CD E8 FFFFFE92                     	CALL	_boxfill8
   346 000002D2 8B 7D 0C                        	MOV	EDI,DWORD [12+EBP]
   347 000002D5 83 C4 38                        	ADD	ESP,56
   348 000002D8 8B 5D 0C                        	MOV	EBX,DWORD [12+EBP]
   349 000002DB 83 EB 04                        	SUB	EBX,4
   350 000002DE 83 EF 2F                        	SUB	EDI,47
   351 000002E1 56                              	PUSH	ESI
   352 000002E2 53                              	PUSH	EBX
   353 000002E3 56                              	PUSH	ESI
   354 000002E4 57                              	PUSH	EDI
   355 000002E5 6A 0F                           	PUSH	15
   356 000002E7 FF 75 0C                        	PUSH	DWORD [12+EBP]
   357 000002EA FF 75 08                        	PUSH	DWORD [8+EBP]
   358 000002ED E8 FFFFFE72                     	CALL	_boxfill8
   359 000002F2 FF 75 F0                        	PUSH	DWORD [-16+EBP]
   360 000002F5 57                              	PUSH	EDI
   361 000002F6 FF 75 EC                        	PUSH	DWORD [-20+EBP]
   362 000002F9 57                              	PUSH	EDI
   363 000002FA 6A 0F                           	PUSH	15
   364 000002FC FF 75 0C                        	PUSH	DWORD [12+EBP]
   365 000002FF FF 75 08                        	PUSH	DWORD [8+EBP]
   366 00000302 E8 FFFFFE5D                     	CALL	_boxfill8
   367 00000307 83 C4 38                        	ADD	ESP,56
   368 0000030A FF 75 E8                        	PUSH	DWORD [-24+EBP]
   369 0000030D 53                              	PUSH	EBX
   370 0000030E FF 75 E8                        	PUSH	DWORD [-24+EBP]
   371 00000311 57                              	PUSH	EDI
   372 00000312 6A 07                           	PUSH	7
   373 00000314 FF 75 0C                        	PUSH	DWORD [12+EBP]
   374 00000317 FF 75 08                        	PUSH	DWORD [8+EBP]
   375 0000031A E8 FFFFFE45                     	CALL	_boxfill8
   376 0000031F 8B 45 0C                        	MOV	EAX,DWORD [12+EBP]
   377 00000322 FF 75 E8                        	PUSH	DWORD [-24+EBP]
   378 00000325 83 E8 03                        	SUB	EAX,3
   379 00000328 50                              	PUSH	EAX
   380 00000329 56                              	PUSH	ESI
   381 0000032A 50                              	PUSH	EAX
   382 0000032B 6A 07                           	PUSH	7
   383 0000032D FF 75 0C                        	PUSH	DWORD [12+EBP]
   384 00000330 FF 75 08                        	PUSH	DWORD [8+EBP]
   385 00000333 E8 FFFFFE2C                     	CALL	_boxfill8
   386 00000338 8D 65 F4                        	LEA	ESP,DWORD [-12+EBP]
   387 0000033B 5B                              	POP	EBX
   388 0000033C 5E                              	POP	ESI
   389 0000033D 5F                              	POP	EDI
   390 0000033E 5D                              	POP	EBP
   391 0000033F C3                              	RET
   392 00000340                                 	GLOBAL	_putfont8
   393 00000340                                 _putfont8:
   394 00000340 55                              	PUSH	EBP
   395 00000341 89 E5                           	MOV	EBP,ESP
   396 00000343 57                              	PUSH	EDI
   397 00000344 56                              	PUSH	ESI
   398 00000345 31 F6                           	XOR	ESI,ESI
   399 00000347 53                              	PUSH	EBX
   400 00000348 8B 7D 1C                        	MOV	EDI,DWORD [28+EBP]
   401 0000034B 8A 5D 18                        	MOV	BL,BYTE [24+EBP]
   402 0000034E                                 L60:
   403 0000034E 8B 45 14                        	MOV	EAX,DWORD [20+EBP]
   404 00000351 8B 55 10                        	MOV	EDX,DWORD [16+EBP]
   405 00000354 01 F0                           	ADD	EAX,ESI
   406 00000356 0F AF 45 0C                     	IMUL	EAX,DWORD [12+EBP]
   407 0000035A 03 45 08                        	ADD	EAX,DWORD [8+EBP]
   408 0000035D 8D 0C 02                        	LEA	ECX,DWORD [EDX+EAX*1]
   409 00000360 8A 14 3E                        	MOV	DL,BYTE [ESI+EDI*1]
   410 00000363 84 D2                           	TEST	DL,DL
   411 00000365 79 02                           	JNS	L52
   412 00000367 88 19                           	MOV	BYTE [ECX],BL
   413 00000369                                 L52:
   414 00000369 88 D0                           	MOV	AL,DL
   415 0000036B 83 E0 40                        	AND	EAX,64
   416 0000036E 84 C0                           	TEST	AL,AL
   417 00000370 74 03                           	JE	L53
   418 00000372 88 59 01                        	MOV	BYTE [1+ECX],BL
   419 00000375                                 L53:
   420 00000375 88 D0                           	MOV	AL,DL
   421 00000377 83 E0 20                        	AND	EAX,32
   422 0000037A 84 C0                           	TEST	AL,AL
   423 0000037C 74 03                           	JE	L54
   424 0000037E 88 59 02                        	MOV	BYTE [2+ECX],BL
   425 00000381                                 L54:
   426 00000381 88 D0                           	MOV	AL,DL
   427 00000383 83 E0 10                        	AND	EAX,16
   428 00000386 84 C0                           	TEST	AL,AL
   429 00000388 74 03                           	JE	L55
   430 0000038A 88 59 03                        	MOV	BYTE [3+ECX],BL
   431 0000038D                                 L55:
   432 0000038D 88 D0                           	MOV	AL,DL
   433 0000038F 83 E0 08                        	AND	EAX,8
   434 00000392 84 C0                           	TEST	AL,AL
   435 00000394 74 03                           	JE	L56
   436 00000396 88 59 04                        	MOV	BYTE [4+ECX],BL
   437 00000399                                 L56:
   438 00000399 88 D0                           	MOV	AL,DL
   439 0000039B 83 E0 04                        	AND	EAX,4
   440 0000039E 84 C0                           	TEST	AL,AL
   441 000003A0 74 03                           	JE	L57
   442 000003A2 88 59 05                        	MOV	BYTE [5+ECX],BL
   443 000003A5                                 L57:
   444 000003A5 88 D0                           	MOV	AL,DL
   445 000003A7 83 E0 02                        	AND	EAX,2
   446 000003AA 84 C0                           	TEST	AL,AL
   447 000003AC 74 03                           	JE	L58
   448 000003AE 88 59 06                        	MOV	BYTE [6+ECX],BL
   449 000003B1                                 L58:
   450 000003B1 83 E2 01                        	AND	EDX,1
   451 000003B4 84 D2                           	TEST	DL,DL
   452 000003B6 74 03                           	JE	L50
   453 000003B8 88 59 07                        	MOV	BYTE [7+ECX],BL
   454 000003BB                                 L50:
   455 000003BB 46                              	INC	ESI
   456 000003BC 83 FE 0F                        	CMP	ESI,15
   457 000003BF 7E 8D                           	JLE	L60
   458 000003C1 5B                              	POP	EBX
   459 000003C2 5E                              	POP	ESI
   460 000003C3 5F                              	POP	EDI
   461 000003C4 5D                              	POP	EBP
   462 000003C5 C3                              	RET
   463 000003C6                                 	GLOBAL	_putfonts8_asc
   464 000003C6                                 _putfonts8_asc:
   465 000003C6 55                              	PUSH	EBP
   466 000003C7 89 E5                           	MOV	EBP,ESP
   467 000003C9 57                              	PUSH	EDI
   468 000003CA 56                              	PUSH	ESI
   469 000003CB 53                              	PUSH	EBX
   470 000003CC 50                              	PUSH	EAX
   471 000003CD 8B 5D 1C                        	MOV	EBX,DWORD [28+EBP]
   472 000003D0 8A 45 18                        	MOV	AL,BYTE [24+EBP]
   473 000003D3 88 45 F3                        	MOV	BYTE [-13+EBP],AL
   474 000003D6 8B 75 10                        	MOV	ESI,DWORD [16+EBP]
   475 000003D9 8B 7D 14                        	MOV	EDI,DWORD [20+EBP]
   476 000003DC 80 3B 00                        	CMP	BYTE [EBX],0
   477 000003DF 75 08                           	JNE	L68
   478 000003E1                                 L70:
   479 000003E1 8D 65 F4                        	LEA	ESP,DWORD [-12+EBP]
   480 000003E4 5B                              	POP	EBX
   481 000003E5 5E                              	POP	ESI
   482 000003E6 5F                              	POP	EDI
   483 000003E7 5D                              	POP	EBP
   484 000003E8 C3                              	RET
   485 000003E9                                 L68:
   486 000003E9 0F B6 03                        	MOVZX	EAX,BYTE [EBX]
   487 000003EC C1 E0 04                        	SAL	EAX,4
   488 000003EF 43                              	INC	EBX
   489 000003F0 05 [00000000]                   	ADD	EAX,_hankaku
   490 000003F5 50                              	PUSH	EAX
   491 000003F6 0F BE 45 F3                     	MOVSX	EAX,BYTE [-13+EBP]
   492 000003FA 50                              	PUSH	EAX
   493 000003FB 57                              	PUSH	EDI
   494 000003FC 56                              	PUSH	ESI
   495 000003FD 83 C6 08                        	ADD	ESI,8
   496 00000400 FF 75 0C                        	PUSH	DWORD [12+EBP]
   497 00000403 FF 75 08                        	PUSH	DWORD [8+EBP]
   498 00000406 E8 FFFFFF35                     	CALL	_putfont8
   499 0000040B 83 C4 18                        	ADD	ESP,24
   500 0000040E 80 3B 00                        	CMP	BYTE [EBX],0
   501 00000411 75 D6                           	JNE	L68
   502 00000413 EB CC                           	JMP	L70
   503                                          [SECTION .data]
   504 00000030                                 _cursor.1:
   505 00000030 2A 2A 2A 2A 2A 2A 2A 2A 2A 2A   	DB	"**************.."
       0000003A 2A 2A 2A 2A 2E 2E 
   506 00000040 2A 4F 4F 4F 4F 4F 4F 4F 4F 4F   	DB	"*OOOOOOOOOOO*..."
       0000004A 4F 4F 2A 2E 2E 2E 
   507 00000050 2A 4F 4F 4F 4F 4F 4F 4F 4F 4F   	DB	"*OOOOOOOOOO*...."
       0000005A 4F 2A 2E 2E 2E 2E 
   508 00000060 2A 4F 4F 4F 4F 4F 4F 4F 4F 4F   	DB	"*OOOOOOOOO*....."
       0000006A 2A 2E 2E 2E 2E 2E 
   509 00000070 2A 4F 4F 4F 4F 4F 4F 4F 4F 2A   	DB	"*OOOOOOOO*......"
       0000007A 2E 2E 2E 2E 2E 2E 
   510 00000080 2A 4F 4F 4F 4F 4F 4F 4F 2A 2E   	DB	"*OOOOOOO*......."
       0000008A 2E 2E 2E 2E 2E 2E 
   511 00000090 2A 4F 4F 4F 4F 4F 4F 4F 2A 2E   	DB	"*OOOOOOO*......."
       0000009A 2E 2E 2E 2E 2E 2E 
   512 000000A0 2A 4F 4F 4F 4F 4F 4F 4F 4F 2A   	DB	"*OOOOOOOO*......"
       000000AA 2E 2E 2E 2E 2E 2E 
   513 000000B0 2A 4F 4F 4F 4F 2A 2A 4F 4F 4F   	DB	"*OOOO**OOO*....."
       000000BA 2A 2E 2E 2E 2E 2E 
   514 000000C0 2A 4F 4F 4F 2A 2E 2E 2A 4F 4F   	DB	"*OOO*..*OOO*...."
       000000CA 4F 2A 2E 2E 2E 2E 
   515 000000D0 2A 4F 4F 2A 2E 2E 2E 2E 2A 4F   	DB	"*OO*....*OOO*..."
       000000DA 4F 4F 2A 2E 2E 2E 
   516 000000E0 2A 4F 2A 2E 2E 2E 2E 2E 2E 2A   	DB	"*O*......*OOO*.."
       000000EA 4F 4F 4F 2A 2E 2E 
   517 000000F0 2A 2A 2E 2E 2E 2E 2E 2E 2E 2E   	DB	"**........*OOO*."
       000000FA 2A 4F 4F 4F 2A 2E 
   518 00000100 2A 2E 2E 2E 2E 2E 2E 2E 2E 2E   	DB	"*..........*OOO*"
       0000010A 2E 2A 4F 4F 4F 2A 
   519 00000110 2E 2E 2E 2E 2E 2E 2E 2E 2E 2E   	DB	"............*OO*"
       0000011A 2E 2E 2A 4F 4F 2A 
   520 00000120 2E 2E 2E 2E 2E 2E 2E 2E 2E 2E   	DB	".............***"
       0000012A 2E 2E 2E 2A 2A 2A 
   521                                          [SECTION .text]
   522 00000415                                 	GLOBAL	_init_mouse_cursor8
   523 00000415                                 _init_mouse_cursor8:
   524 00000415 55                              	PUSH	EBP
   525 00000416 89 E5                           	MOV	EBP,ESP
   526 00000418 57                              	PUSH	EDI
   527 00000419 56                              	PUSH	ESI
   528 0000041A 31 FF                           	XOR	EDI,EDI
   529 0000041C 53                              	PUSH	EBX
   530 0000041D 31 DB                           	XOR	EBX,EBX
   531 0000041F 50                              	PUSH	EAX
   532 00000420 8A 45 0C                        	MOV	AL,BYTE [12+EBP]
   533 00000423 8B 75 08                        	MOV	ESI,DWORD [8+EBP]
   534 00000426 88 45 F3                        	MOV	BYTE [-13+EBP],AL
   535 00000429                                 L84:
   536 00000429 31 D2                           	XOR	EDX,EDX
   537 0000042B                                 L83:
   538 0000042B 8D 04 3A                        	LEA	EAX,DWORD [EDX+EDI*1]
   539 0000042E 80 B8 [00000030] 2A             	CMP	BYTE [_cursor.1+EAX],42
   540 00000435 74 35                           	JE	L89
   541 00000437                                 L80:
   542 00000437 80 B8 [00000030] 4F             	CMP	BYTE [_cursor.1+EAX],79
   543 0000043E 74 26                           	JE	L90
   544 00000440                                 L81:
   545 00000440 80 B8 [00000030] 2E             	CMP	BYTE [_cursor.1+EAX],46
   546 00000447 74 15                           	JE	L91
   547 00000449                                 L78:
   548 00000449 42                              	INC	EDX
   549 0000044A 83 FA 0F                        	CMP	EDX,15
   550 0000044D 7E DC                           	JLE	L83
   551 0000044F 43                              	INC	EBX
   552 00000450 83 C7 10                        	ADD	EDI,16
   553 00000453 83 FB 0F                        	CMP	EBX,15
   554 00000456 7E D1                           	JLE	L84
   555 00000458 58                              	POP	EAX
   556 00000459 5B                              	POP	EBX
   557 0000045A 5E                              	POP	ESI
   558 0000045B 5F                              	POP	EDI
   559 0000045C 5D                              	POP	EBP
   560 0000045D C3                              	RET
   561 0000045E                                 L91:
   562 0000045E 8A 4D F3                        	MOV	CL,BYTE [-13+EBP]
   563 00000461 88 0C 30                        	MOV	BYTE [EAX+ESI*1],CL
   564 00000464 EB E3                           	JMP	L78
   565 00000466                                 L90:
   566 00000466 C6 04 30 07                     	MOV	BYTE [EAX+ESI*1],7
   567 0000046A EB D4                           	JMP	L81
   568 0000046C                                 L89:
   569 0000046C C6 04 30 00                     	MOV	BYTE [EAX+ESI*1],0
   570 00000470 EB C5                           	JMP	L80
   571 00000472                                 	GLOBAL	_putblock8_8
   572 00000472                                 _putblock8_8:
   573 00000472 55                              	PUSH	EBP
   574 00000473 89 E5                           	MOV	EBP,ESP
   575 00000475 57                              	PUSH	EDI
   576 00000476 56                              	PUSH	ESI
   577 00000477 31 F6                           	XOR	ESI,ESI
   578 00000479 53                              	PUSH	EBX
   579 0000047A 83 EC 0C                        	SUB	ESP,12
   580 0000047D 3B 75 14                        	CMP	ESI,DWORD [20+EBP]
   581 00000480 7D 3E                           	JGE	L104
   582 00000482 31 FF                           	XOR	EDI,EDI
   583 00000484                                 L102:
   584 00000484 31 DB                           	XOR	EBX,EBX
   585 00000486 3B 5D 10                        	CMP	EBX,DWORD [16+EBP]
   586 00000489 7D 2C                           	JGE	L106
   587 0000048B 8B 45 20                        	MOV	EAX,DWORD [32+EBP]
   588 0000048E 01 F8                           	ADD	EAX,EDI
   589 00000490 89 45 EC                        	MOV	DWORD [-20+EBP],EAX
   590 00000493                                 L101:
   591 00000493 8B 45 1C                        	MOV	EAX,DWORD [28+EBP]
   592 00000496 8B 55 18                        	MOV	EDX,DWORD [24+EBP]
   593 00000499 01 F0                           	ADD	EAX,ESI
   594 0000049B 01 DA                           	ADD	EDX,EBX
   595 0000049D 0F AF 45 0C                     	IMUL	EAX,DWORD [12+EBP]
   596 000004A1 01 D0                           	ADD	EAX,EDX
   597 000004A3 8B 4D 08                        	MOV	ECX,DWORD [8+EBP]
   598 000004A6 8B 55 EC                        	MOV	EDX,DWORD [-20+EBP]
   599 000004A9 43                              	INC	EBX
   600 000004AA 8A 12                           	MOV	DL,BYTE [EDX]
   601 000004AC 88 14 08                        	MOV	BYTE [EAX+ECX*1],DL
   602 000004AF FF 45 EC                        	INC	DWORD [-20+EBP]
   603 000004B2 3B 5D 10                        	CMP	EBX,DWORD [16+EBP]
   604 000004B5 7C DC                           	JL	L101
   605 000004B7                                 L106:
   606 000004B7 46                              	INC	ESI
   607 000004B8 03 7D 24                        	ADD	EDI,DWORD [36+EBP]
   608 000004BB 3B 75 14                        	CMP	ESI,DWORD [20+EBP]
   609 000004BE 7C C4                           	JL	L102
   610 000004C0                                 L104:
   611 000004C0 83 C4 0C                        	ADD	ESP,12
   612 000004C3 5B                              	POP	EBX
   613 000004C4 5E                              	POP	ESI
   614 000004C5 5F                              	POP	EDI
   615 000004C6 5D                              	POP	EBP
   616 000004C7 C3                              	RET
