     1 00000000                                 [FORMAT "WCOFF"]
     2 00000000                                 [INSTRSET "i486p"]
     3 00000000                                 [OPTIMIZE 1]
     4 00000000                                 [OPTION 1]
     5 00000000                                 [BITS 32]
     6 00000000                                 	EXTERN	_io_hlt
     7 00000000                                 	EXTERN	_memman_alloc_4k
     8 00000000                                 	EXTERN	_set_segmdesc
     9 00000000                                 	EXTERN	_load_tr
    10 00000000                                 	EXTERN	_timer_alloc
    11 00000000                                 	EXTERN	_timer_settime
    12 00000000                                 	EXTERN	_farjmp
    13 00000000                                 [FILE "mtask.c"]
    14                                          [SECTION .text]
    15 00000000                                 	GLOBAL	_task_now
    16 00000000                                 _task_now:
    17 00000000 A1 [00000004]                   	MOV	EAX,DWORD [_taskctl]
    18 00000005 55                              	PUSH	EBP
    19 00000006 89 E5                           	MOV	EBP,ESP
    20 00000008 5D                              	POP	EBP
    21 00000009 8B 10                           	MOV	EDX,DWORD [EAX]
    22 0000000B 69 D2 00000198                  	IMUL	EDX,EDX,408
    23 00000011 8D 44 02 08                     	LEA	EAX,DWORD [8+EDX+EAX*1]
    24 00000015 8B 50 04                        	MOV	EDX,DWORD [4+EAX]
    25 00000018 8B 44 90 08                     	MOV	EAX,DWORD [8+EAX+EDX*4]
    26 0000001C C3                              	RET
    27 0000001D                                 	GLOBAL	_task_add
    28 0000001D                                 _task_add:
    29 0000001D 55                              	PUSH	EBP
    30 0000001E 89 E5                           	MOV	EBP,ESP
    31 00000020 8B 4D 08                        	MOV	ECX,DWORD [8+EBP]
    32 00000023 8B 51 08                        	MOV	EDX,DWORD [8+ECX]
    33 00000026 69 D2 00000198                  	IMUL	EDX,EDX,408
    34 0000002C 03 15 [00000004]                	ADD	EDX,DWORD [_taskctl]
    35 00000032 8B 42 08                        	MOV	EAX,DWORD [8+EDX]
    36 00000035 89 4C 82 10                     	MOV	DWORD [16+EDX+EAX*4],ECX
    37 00000039 40                              	INC	EAX
    38 0000003A 89 42 08                        	MOV	DWORD [8+EDX],EAX
    39 0000003D C7 41 04 00000002               	MOV	DWORD [4+ECX],2
    40 00000044 5D                              	POP	EBP
    41 00000045 C3                              	RET
    42 00000046                                 	GLOBAL	_task_remove
    43 00000046                                 _task_remove:
    44 00000046 55                              	PUSH	EBP
    45 00000047 31 C9                           	XOR	ECX,ECX
    46 00000049 89 E5                           	MOV	EBP,ESP
    47 0000004B 53                              	PUSH	EBX
    48 0000004C 8B 5D 08                        	MOV	EBX,DWORD [8+EBP]
    49 0000004F 8B 43 08                        	MOV	EAX,DWORD [8+EBX]
    50 00000052 69 C0 00000198                  	IMUL	EAX,EAX,408
    51 00000058 03 05 [00000004]                	ADD	EAX,DWORD [_taskctl]
    52 0000005E 8D 50 08                        	LEA	EDX,DWORD [8+EAX]
    53 00000061 3B 48 08                        	CMP	ECX,DWORD [8+EAX]
    54 00000064 7D 0B                           	JGE	L5
    55 00000066                                 L9:
    56 00000066 39 5C 8A 08                     	CMP	DWORD [8+EDX+ECX*4],EBX
    57 0000006A 74 05                           	JE	L5
    58 0000006C 41                              	INC	ECX
    59 0000006D 3B 0A                           	CMP	ECX,DWORD [EDX]
    60 0000006F 7C F5                           	JL	L9
    61 00000071                                 L5:
    62 00000071 8B 42 04                        	MOV	EAX,DWORD [4+EDX]
    63 00000074 FF 0A                           	DEC	DWORD [EDX]
    64 00000076 39 C1                           	CMP	ECX,EAX
    65 00000078 7D 04                           	JGE	L10
    66 0000007A 48                              	DEC	EAX
    67 0000007B 89 42 04                        	MOV	DWORD [4+EDX],EAX
    68 0000007E                                 L10:
    69 0000007E 8B 02                           	MOV	EAX,DWORD [EDX]
    70 00000080 39 42 04                        	CMP	DWORD [4+EDX],EAX
    71 00000083 7C 07                           	JL	L11
    72 00000085 C7 42 04 00000000               	MOV	DWORD [4+EDX],0
    73 0000008C                                 L11:
    74 0000008C C7 43 04 00000001               	MOV	DWORD [4+EBX],1
    75 00000093 8B 1A                           	MOV	EBX,DWORD [EDX]
    76 00000095 39 D9                           	CMP	ECX,EBX
    77 00000097 7D 0D                           	JGE	L19
    78 00000099                                 L16:
    79 00000099 8B 44 8A 0C                     	MOV	EAX,DWORD [12+EDX+ECX*4]
    80 0000009D 89 44 8A 08                     	MOV	DWORD [8+EDX+ECX*4],EAX
    81 000000A1 41                              	INC	ECX
    82 000000A2 39 D9                           	CMP	ECX,EBX
    83 000000A4 7C F3                           	JL	L16
    84 000000A6                                 L19:
    85 000000A6 5B                              	POP	EBX
    86 000000A7 5D                              	POP	EBP
    87 000000A8 C3                              	RET
    88 000000A9                                 	GLOBAL	_task_switchsub
    89 000000A9                                 _task_switchsub:
    90 000000A9 55                              	PUSH	EBP
    91 000000AA 31 C9                           	XOR	ECX,ECX
    92 000000AC 89 E5                           	MOV	EBP,ESP
    93 000000AE A1 [00000004]                   	MOV	EAX,DWORD [_taskctl]
    94 000000B3 31 D2                           	XOR	EDX,EDX
    95 000000B5                                 L26:
    96 000000B5 83 7C 10 08 00                  	CMP	DWORD [8+EAX+EDX*1],0
    97 000000BA 7F 0C                           	JG	L22
    98 000000BC 41                              	INC	ECX
    99 000000BD 81 C2 00000198                  	ADD	EDX,408
   100 000000C3 83 F9 09                        	CMP	ECX,9
   101 000000C6 7E ED                           	JLE	L26
   102 000000C8                                 L22:
   103 000000C8 89 08                           	MOV	DWORD [EAX],ECX
   104 000000CA C6 40 04 00                     	MOV	BYTE [4+EAX],0
   105 000000CE 5D                              	POP	EBP
   106 000000CF C3                              	RET
   107 000000D0                                 	GLOBAL	_task_idle
   108 000000D0                                 _task_idle:
   109 000000D0 55                              	PUSH	EBP
   110 000000D1 89 E5                           	MOV	EBP,ESP
   111 000000D3                                 L29:
   112 000000D3 E8 [00000000]                   	CALL	_io_hlt
   113 000000D8 EB F9                           	JMP	L29
   114 000000DA                                 	GLOBAL	_task_init
   115 000000DA                                 _task_init:
   116 000000DA 55                              	PUSH	EBP
   117 000000DB 89 E5                           	MOV	EBP,ESP
   118 000000DD 57                              	PUSH	EDI
   119 000000DE 56                              	PUSH	ESI
   120 000000DF 31 FF                           	XOR	EDI,EDI
   121 000000E1 53                              	PUSH	EBX
   122 000000E2 31 F6                           	XOR	ESI,ESI
   123 000000E4 68 00025218                     	PUSH	152088
   124 000000E9 BB 000003E7                     	MOV	EBX,999
   125 000000EE FF 75 08                        	PUSH	DWORD [8+EBP]
   126 000000F1 E8 [00000000]                   	CALL	_memman_alloc_4k
   127 000000F6 A3 [00000004]                   	MOV	DWORD [_taskctl],EAX
   128 000000FB 58                              	POP	EAX
   129 000000FC 5A                              	POP	EDX
   130 000000FD                                 L37:
   131 000000FD 89 F8                           	MOV	EAX,EDI
   132 000000FF 8D 56 18                        	LEA	EDX,DWORD [24+ESI]
   133 00000102 03 05 [00000004]                	ADD	EAX,DWORD [_taskctl]
   134 00000108 81 C7 00000094                  	ADD	EDI,148
   135 0000010E C7 80 00000FFC 00000000         	MOV	DWORD [4092+EAX],0
   136 00000118 89 90 00000FF8                  	MOV	DWORD [4088+EAX],EDX
   137 0000011E 05 00001024                     	ADD	EAX,4132
   138 00000123 68 00000089                     	PUSH	137
   139 00000128 50                              	PUSH	EAX
   140 00000129 8D 86 00270018                  	LEA	EAX,DWORD [2555928+ESI]
   141 0000012F 6A 67                           	PUSH	103
   142 00000131 83 C6 08                        	ADD	ESI,8
   143 00000134 50                              	PUSH	EAX
   144 00000135 E8 [00000000]                   	CALL	_set_segmdesc
   145 0000013A 83 C4 10                        	ADD	ESP,16
   146 0000013D 4B                              	DEC	EBX
   147 0000013E 79 BD                           	JNS	L37
   148 00000140 8B 0D [00000004]                	MOV	ECX,DWORD [_taskctl]
   149 00000146 31 D2                           	XOR	EDX,EDX
   150 00000148 BB 00000009                     	MOV	EBX,9
   151 0000014D                                 L42:
   152 0000014D 8D 04 11                        	LEA	EAX,DWORD [ECX+EDX*1]
   153 00000150 81 C2 00000198                  	ADD	EDX,408
   154 00000156 4B                              	DEC	EBX
   155 00000157 C7 40 08 00000000               	MOV	DWORD [8+EAX],0
   156 0000015E C7 40 0C 00000000               	MOV	DWORD [12+EAX],0
   157 00000165 79 E6                           	JNS	L42
   158 00000167 E8 000000A6                     	CALL	_task_alloc
   159 0000016C 89 C6                           	MOV	ESI,EAX
   160 0000016E C7 40 04 00000002               	MOV	DWORD [4+EAX],2
   161 00000175 C7 40 0C 00000002               	MOV	DWORD [12+EAX],2
   162 0000017C C7 40 08 00000000               	MOV	DWORD [8+EAX],0
   163 00000183 50                              	PUSH	EAX
   164 00000184 E8 FFFFFE94                     	CALL	_task_add
   165 00000189 E8 FFFFFF1B                     	CALL	_task_switchsub
   166 0000018E FF 36                           	PUSH	DWORD [ESI]
   167 00000190 E8 [00000000]                   	CALL	_load_tr
   168 00000195 E8 [00000000]                   	CALL	_timer_alloc
   169 0000019A FF 76 0C                        	PUSH	DWORD [12+ESI]
   170 0000019D 50                              	PUSH	EAX
   171 0000019E A3 [00000000]                   	MOV	DWORD [_task_timer],EAX
   172 000001A3 E8 [00000000]                   	CALL	_timer_settime
   173 000001A8 E8 00000065                     	CALL	_task_alloc
   174 000001AD 68 00010000                     	PUSH	65536
   175 000001B2 FF 75 08                        	PUSH	DWORD [8+EBP]
   176 000001B5 89 C3                           	MOV	EBX,EAX
   177 000001B7 E8 [00000000]                   	CALL	_memman_alloc_4k
   178 000001BC 05 00010000                     	ADD	EAX,65536
   179 000001C1 89 43 64                        	MOV	DWORD [100+EBX],EAX
   180 000001C4 C7 43 4C [000000D0]             	MOV	DWORD [76+EBX],_task_idle
   181 000001CB C7 43 74 00000008               	MOV	DWORD [116+EBX],8
   182 000001D2 C7 43 78 00000010               	MOV	DWORD [120+EBX],16
   183 000001D9 C7 43 7C 00000008               	MOV	DWORD [124+EBX],8
   184 000001E0 C7 83 00000080 00000008         	MOV	DWORD [128+EBX],8
   185 000001EA C7 83 00000084 00000008         	MOV	DWORD [132+EBX],8
   186 000001F4 C7 83 00000088 00000008         	MOV	DWORD [136+EBX],8
   187 000001FE 6A 01                           	PUSH	1
   188 00000200 6A 09                           	PUSH	9
   189 00000202 53                              	PUSH	EBX
   190 00000203 E8 000000B5                     	CALL	_task_run
   191 00000208 8D 65 F4                        	LEA	ESP,DWORD [-12+EBP]
   192 0000020B 5B                              	POP	EBX
   193 0000020C 89 F0                           	MOV	EAX,ESI
   194 0000020E 5E                              	POP	ESI
   195 0000020F 5F                              	POP	EDI
   196 00000210 5D                              	POP	EBP
   197 00000211 C3                              	RET
   198 00000212                                 	GLOBAL	_task_alloc
   199 00000212                                 _task_alloc:
   200 00000212 55                              	PUSH	EBP
   201 00000213 31 C9                           	XOR	ECX,ECX
   202 00000215 89 E5                           	MOV	EBP,ESP
   203 00000217 31 D2                           	XOR	EDX,EDX
   204 00000219                                 L53:
   205 00000219 89 D0                           	MOV	EAX,EDX
   206 0000021B 03 05 [00000004]                	ADD	EAX,DWORD [_taskctl]
   207 00000221 83 B8 00000FFC 00               	CMP	DWORD [4092+EAX],0
   208 00000228 74 11                           	JE	L56
   209 0000022A 41                              	INC	ECX
   210 0000022B 81 C2 00000094                  	ADD	EDX,148
   211 00000231 81 F9 000003E7                  	CMP	ECX,999
   212 00000237 7E E0                           	JLE	L53
   213 00000239                                 L47:
   214 00000239 5D                              	POP	EBP
   215 0000023A C3                              	RET
   216 0000023B                                 L56:
   217 0000023B 05 00000FF8                     	ADD	EAX,4088
   218 00000240 C7 40 04 00000001               	MOV	DWORD [4+EAX],1
   219 00000247 C7 40 50 00000202               	MOV	DWORD [80+EAX],514
   220 0000024E C7 40 54 00000000               	MOV	DWORD [84+EAX],0
   221 00000255 C7 40 58 00000000               	MOV	DWORD [88+EAX],0
   222 0000025C C7 40 5C 00000000               	MOV	DWORD [92+EAX],0
   223 00000263 C7 40 60 00000000               	MOV	DWORD [96+EAX],0
   224 0000026A C7 40 68 00000000               	MOV	DWORD [104+EAX],0
   225 00000271 C7 40 6C 00000000               	MOV	DWORD [108+EAX],0
   226 00000278 C7 40 70 00000000               	MOV	DWORD [112+EAX],0
   227 0000027F C7 40 74 00000000               	MOV	DWORD [116+EAX],0
   228 00000286 C7 80 00000080 00000000         	MOV	DWORD [128+EAX],0
   229 00000290 C7 80 00000084 00000000         	MOV	DWORD [132+EAX],0
   230 0000029A C7 80 00000088 00000000         	MOV	DWORD [136+EAX],0
   231 000002A4 C7 80 0000008C 00000000         	MOV	DWORD [140+EAX],0
   232 000002AE C7 80 00000090 40000000         	MOV	DWORD [144+EAX],1073741824
   233 000002B8 E9 FFFFFF7C                     	JMP	L47
   234 000002BD                                 	GLOBAL	_task_run
   235 000002BD                                 _task_run:
   236 000002BD 55                              	PUSH	EBP
   237 000002BE 89 E5                           	MOV	EBP,ESP
   238 000002C0 56                              	PUSH	ESI
   239 000002C1 53                              	PUSH	EBX
   240 000002C2 8B 75 0C                        	MOV	ESI,DWORD [12+EBP]
   241 000002C5 8B 45 10                        	MOV	EAX,DWORD [16+EBP]
   242 000002C8 8B 5D 08                        	MOV	EBX,DWORD [8+EBP]
   243 000002CB 85 F6                           	TEST	ESI,ESI
   244 000002CD 78 3B                           	JS	L62
   245 000002CF                                 L58:
   246 000002CF 85 C0                           	TEST	EAX,EAX
   247 000002D1 7E 03                           	JLE	L59
   248 000002D3 89 43 0C                        	MOV	DWORD [12+EBX],EAX
   249 000002D6                                 L59:
   250 000002D6 83 7B 04 02                     	CMP	DWORD [4+EBX],2
   251 000002DA 74 20                           	JE	L63
   252 000002DC                                 L60:
   253 000002DC 83 7B 04 02                     	CMP	DWORD [4+EBX],2
   254 000002E0 74 0A                           	JE	L61
   255 000002E2 89 73 08                        	MOV	DWORD [8+EBX],ESI
   256 000002E5 53                              	PUSH	EBX
   257 000002E6 E8 FFFFFD32                     	CALL	_task_add
   258 000002EB 59                              	POP	ECX
   259 000002EC                                 L61:
   260 000002EC A1 [00000004]                   	MOV	EAX,DWORD [_taskctl]
   261 000002F1 C6 40 04 01                     	MOV	BYTE [4+EAX],1
   262 000002F5 8D 65 F8                        	LEA	ESP,DWORD [-8+EBP]
   263 000002F8 5B                              	POP	EBX
   264 000002F9 5E                              	POP	ESI
   265 000002FA 5D                              	POP	EBP
   266 000002FB C3                              	RET
   267 000002FC                                 L63:
   268 000002FC 39 73 08                        	CMP	DWORD [8+EBX],ESI
   269 000002FF 74 DB                           	JE	L60
   270 00000301 53                              	PUSH	EBX
   271 00000302 E8 FFFFFD3F                     	CALL	_task_remove
   272 00000307 58                              	POP	EAX
   273 00000308 EB D2                           	JMP	L60
   274 0000030A                                 L62:
   275 0000030A 8B 73 08                        	MOV	ESI,DWORD [8+EBX]
   276 0000030D EB C0                           	JMP	L58
   277 0000030F                                 	GLOBAL	_task_sleep
   278 0000030F                                 _task_sleep:
   279 0000030F 55                              	PUSH	EBP
   280 00000310 89 E5                           	MOV	EBP,ESP
   281 00000312 56                              	PUSH	ESI
   282 00000313 53                              	PUSH	EBX
   283 00000314 8B 75 08                        	MOV	ESI,DWORD [8+EBP]
   284 00000317 83 7E 04 02                     	CMP	DWORD [4+ESI],2
   285 0000031B 74 07                           	JE	L67
   286 0000031D                                 L64:
   287 0000031D 8D 65 F8                        	LEA	ESP,DWORD [-8+EBP]
   288 00000320 5B                              	POP	EBX
   289 00000321 5E                              	POP	ESI
   290 00000322 5D                              	POP	EBP
   291 00000323 C3                              	RET
   292 00000324                                 L67:
   293 00000324 E8 FFFFFCD7                     	CALL	_task_now
   294 00000329 56                              	PUSH	ESI
   295 0000032A 89 C3                           	MOV	EBX,EAX
   296 0000032C E8 FFFFFD15                     	CALL	_task_remove
   297 00000331 59                              	POP	ECX
   298 00000332 39 DE                           	CMP	ESI,EBX
   299 00000334 75 E7                           	JNE	L64
   300 00000336 E8 FFFFFD6E                     	CALL	_task_switchsub
   301 0000033B E8 FFFFFCC0                     	CALL	_task_now
   302 00000340 FF 30                           	PUSH	DWORD [EAX]
   303 00000342 6A 00                           	PUSH	0
   304 00000344 E8 [00000000]                   	CALL	_farjmp
   305 00000349 58                              	POP	EAX
   306 0000034A 5A                              	POP	EDX
   307 0000034B EB D0                           	JMP	L64
   308 0000034D                                 	GLOBAL	_task_switch
   309 0000034D                                 _task_switch:
   310 0000034D 55                              	PUSH	EBP
   311 0000034E 89 E5                           	MOV	EBP,ESP
   312 00000350 56                              	PUSH	ESI
   313 00000351 53                              	PUSH	EBX
   314 00000352 8B 1D [00000004]                	MOV	EBX,DWORD [_taskctl]
   315 00000358 8B 13                           	MOV	EDX,DWORD [EBX]
   316 0000035A 69 D2 00000198                  	IMUL	EDX,EDX,408
   317 00000360 8D 14 1A                        	LEA	EDX,DWORD [EDX+EBX*1]
   318 00000363 8D 4A 08                        	LEA	ECX,DWORD [8+EDX]
   319 00000366 8B 41 04                        	MOV	EAX,DWORD [4+ECX]
   320 00000369 8B 74 81 08                     	MOV	ESI,DWORD [8+ECX+EAX*4]
   321 0000036D 40                              	INC	EAX
   322 0000036E 89 41 04                        	MOV	DWORD [4+ECX],EAX
   323 00000371 3B 42 08                        	CMP	EAX,DWORD [8+EDX]
   324 00000374 74 4C                           	JE	L72
   325 00000376                                 L69:
   326 00000376 80 7B 04 00                     	CMP	BYTE [4+EBX],0
   327 0000037A 75 2D                           	JNE	L73
   328 0000037C                                 L70:
   329 0000037C 8B 41 04                        	MOV	EAX,DWORD [4+ECX]
   330 0000037F 8B 5C 81 08                     	MOV	EBX,DWORD [8+ECX+EAX*4]
   331 00000383 FF 73 0C                        	PUSH	DWORD [12+EBX]
   332 00000386 FF 35 [00000000]                	PUSH	DWORD [_task_timer]
   333 0000038C E8 [00000000]                   	CALL	_timer_settime
   334 00000391 39 F3                           	CMP	EBX,ESI
   335 00000393 58                              	POP	EAX
   336 00000394 5A                              	POP	EDX
   337 00000395 74 0B                           	JE	L68
   338 00000397 FF 33                           	PUSH	DWORD [EBX]
   339 00000399 6A 00                           	PUSH	0
   340 0000039B E8 [00000000]                   	CALL	_farjmp
   341 000003A0 5B                              	POP	EBX
   342 000003A1 5E                              	POP	ESI
   343 000003A2                                 L68:
   344 000003A2 8D 65 F8                        	LEA	ESP,DWORD [-8+EBP]
   345 000003A5 5B                              	POP	EBX
   346 000003A6 5E                              	POP	ESI
   347 000003A7 5D                              	POP	EBP
   348 000003A8 C3                              	RET
   349 000003A9                                 L73:
   350 000003A9 E8 FFFFFCFB                     	CALL	_task_switchsub
   351 000003AE 8B 15 [00000004]                	MOV	EDX,DWORD [_taskctl]
   352 000003B4 8B 02                           	MOV	EAX,DWORD [EDX]
   353 000003B6 69 C0 00000198                  	IMUL	EAX,EAX,408
   354 000003BC 8D 4C 10 08                     	LEA	ECX,DWORD [8+EAX+EDX*1]
   355 000003C0 EB BA                           	JMP	L70
   356 000003C2                                 L72:
   357 000003C2 C7 41 04 00000000               	MOV	DWORD [4+ECX],0
   358 000003C9 EB AB                           	JMP	L69
   359 000003CB                                 	GLOBAL	_task_timer
   360                                          [SECTION .data]
   361 00000000                                 	ALIGNB	4
   362 00000000                                 _task_timer:
   363 00000000 00 00 00 00                     	RESB	4
   364 00000004                                 	GLOBAL	_taskctl
   365                                          [SECTION .data]
   366 00000004                                 	ALIGNB	4
   367 00000004                                 _taskctl:
   368 00000004 00 00 00 00                     	RESB	4
